{"E:\\Skylab\\bootcamp\\collab\\skylab-bootcamp-201907\\staff\\christian-haag\\wody-app\\wody-api\\logic\\movement\\calcworkout\\index.spec.js":{"path":"E:\\Skylab\\bootcamp\\collab\\skylab-bootcamp-201907\\staff\\christian-haag\\wody-app\\wody-api\\logic\\movement\\calcworkout\\index.spec.js","statementMap":{"0":{"start":{"line":1,"column":19},"end":{"line":1,"column":34}},"1":{"start":{"line":2,"column":14},"end":{"line":2,"column":30}},"2":{"start":{"line":3,"column":38},"end":{"line":3,"column":58}},"3":{"start":{"line":4,"column":17},"end":{"line":4,"column":36}},"4":{"start":{"line":5,"column":26},"end":{"line":5,"column":30}},"5":{"start":{"line":7,"column":0},"end":{"line":190,"column":2}},"6":{"start":{"line":8,"column":4},"end":{"line":8,"column":101}},"7":{"start":{"line":8,"column":17},"end":{"line":8,"column":100}},"8":{"start":{"line":17,"column":4},"end":{"line":33,"column":6}},"9":{"start":{"line":18,"column":8},"end":{"line":18,"column":33}},"10":{"start":{"line":19,"column":8},"end":{"line":19,"column":39}},"11":{"start":{"line":20,"column":8},"end":{"line":20,"column":46}},"12":{"start":{"line":21,"column":8},"end":{"line":21,"column":41}},"13":{"start":{"line":22,"column":8},"end":{"line":22,"column":29}},"14":{"start":{"line":23,"column":8},"end":{"line":23,"column":23}},"15":{"start":{"line":24,"column":8},"end":{"line":24,"column":28}},"16":{"start":{"line":25,"column":8},"end":{"line":25,"column":28}},"17":{"start":{"line":26,"column":8},"end":{"line":26,"column":31}},"18":{"start":{"line":27,"column":8},"end":{"line":27,"column":56}},"19":{"start":{"line":28,"column":8},"end":{"line":28,"column":56}},"20":{"start":{"line":30,"column":8},"end":{"line":30,"column":31}},"21":{"start":{"line":31,"column":21},"end":{"line":31,"column":143}},"22":{"start":{"line":32,"column":8},"end":{"line":32,"column":20}},"23":{"start":{"line":35,"column":4},"end":{"line":39,"column":5}},"24":{"start":{"line":36,"column":8},"end":{"line":38,"column":42}},"25":{"start":{"line":37,"column":12},"end":{"line":37,"column":38}},"26":{"start":{"line":41,"column":4},"end":{"line":45,"column":5}},"27":{"start":{"line":42,"column":8},"end":{"line":44,"column":61}},"28":{"start":{"line":43,"column":12},"end":{"line":43,"column":45}},"29":{"start":{"line":47,"column":4},"end":{"line":51,"column":5}},"30":{"start":{"line":48,"column":8},"end":{"line":50,"column":61}},"31":{"start":{"line":49,"column":12},"end":{"line":49,"column":45}},"32":{"start":{"line":53,"column":4},"end":{"line":59,"column":6}},"33":{"start":{"line":54,"column":8},"end":{"line":58,"column":9}},"34":{"start":{"line":55,"column":12},"end":{"line":55,"column":68}},"35":{"start":{"line":57,"column":12},"end":{"line":57,"column":59}},"36":{"start":{"line":62,"column":4},"end":{"line":67,"column":6}},"37":{"start":{"line":63,"column":21},"end":{"line":63,"column":44}},"38":{"start":{"line":64,"column":28},"end":{"line":64,"column":32}},"39":{"start":{"line":65,"column":8},"end":{"line":65,"column":42}},"40":{"start":{"line":69,"column":4},"end":{"line":98,"column":6}},"41":{"start":{"line":70,"column":26},"end":{"line":70,"column":58}},"42":{"start":{"line":71,"column":24},"end":{"line":71,"column":57}},"43":{"start":{"line":72,"column":8},"end":{"line":72,"column":32}},"44":{"start":{"line":73,"column":42},"end":{"line":73,"column":49}},"45":{"start":{"line":75,"column":8},"end":{"line":75,"column":29}},"46":{"start":{"line":76,"column":8},"end":{"line":76,"column":29}},"47":{"start":{"line":77,"column":8},"end":{"line":77,"column":34}},"48":{"start":{"line":78,"column":8},"end":{"line":78,"column":43}},"49":{"start":{"line":79,"column":8},"end":{"line":79,"column":44}},"50":{"start":{"line":81,"column":8},"end":{"line":96,"column":10}},"51":{"start":{"line":82,"column":12},"end":{"line":82,"column":161}},"52":{"start":{"line":83,"column":12},"end":{"line":83,"column":51}},"53":{"start":{"line":84,"column":12},"end":{"line":84,"column":47}},"54":{"start":{"line":85,"column":12},"end":{"line":85,"column":53}},"55":{"start":{"line":86,"column":12},"end":{"line":86,"column":50}},"56":{"start":{"line":87,"column":12},"end":{"line":87,"column":47}},"57":{"start":{"line":88,"column":12},"end":{"line":88,"column":49}},"58":{"start":{"line":89,"column":12},"end":{"line":89,"column":48}},"59":{"start":{"line":90,"column":12},"end":{"line":90,"column":47}},"60":{"start":{"line":91,"column":12},"end":{"line":91,"column":46}},"61":{"start":{"line":92,"column":12},"end":{"line":92,"column":55}},"62":{"start":{"line":93,"column":12},"end":{"line":93,"column":53}},"63":{"start":{"line":94,"column":12},"end":{"line":94,"column":50}},"64":{"start":{"line":95,"column":12},"end":{"line":95,"column":46}},"65":{"start":{"line":101,"column":4},"end":{"line":107,"column":6}},"66":{"start":{"line":102,"column":8},"end":{"line":102,"column":40}},"67":{"start":{"line":103,"column":21},"end":{"line":103,"column":44}},"68":{"start":{"line":104,"column":28},"end":{"line":104,"column":32}},"69":{"start":{"line":106,"column":8},"end":{"line":106,"column":42}},"70":{"start":{"line":109,"column":4},"end":{"line":188,"column":6}},"71":{"start":{"line":110,"column":8},"end":{"line":145,"column":10}},"72":{"start":{"line":114,"column":31},"end":{"line":114,"column":49}},"73":{"start":{"line":115,"column":35},"end":{"line":115,"column":57}},"74":{"start":{"line":116,"column":29},"end":{"line":116,"column":52}},"75":{"start":{"line":117,"column":23},"end":{"line":117,"column":64}},"76":{"start":{"line":117,"column":34},"end":{"line":117,"column":64}},"77":{"start":{"line":119,"column":12},"end":{"line":133,"column":14}},"78":{"start":{"line":120,"column":16},"end":{"line":120,"column":42}},"79":{"start":{"line":121,"column":16},"end":{"line":121,"column":47}},"80":{"start":{"line":122,"column":16},"end":{"line":122,"column":54}},"81":{"start":{"line":123,"column":16},"end":{"line":123,"column":49}},"82":{"start":{"line":124,"column":16},"end":{"line":124,"column":37}},"83":{"start":{"line":125,"column":16},"end":{"line":125,"column":57}},"84":{"start":{"line":126,"column":16},"end":{"line":126,"column":71}},"85":{"start":{"line":127,"column":16},"end":{"line":127,"column":58}},"86":{"start":{"line":128,"column":16},"end":{"line":128,"column":39}},"87":{"start":{"line":129,"column":16},"end":{"line":129,"column":64}},"88":{"start":{"line":130,"column":16},"end":{"line":130,"column":64}},"89":{"start":{"line":131,"column":29},"end":{"line":131,"column":151}},"90":{"start":{"line":132,"column":16},"end":{"line":132,"column":28}},"91":{"start":{"line":135,"column":12},"end":{"line":144,"column":14}},"92":{"start":{"line":136,"column":34},"end":{"line":136,"column":66}},"93":{"start":{"line":137,"column":32},"end":{"line":137,"column":65}},"94":{"start":{"line":138,"column":38},"end":{"line":138,"column":45}},"95":{"start":{"line":139,"column":16},"end":{"line":143,"column":18}},"96":{"start":{"line":140,"column":20},"end":{"line":140,"column":53}},"97":{"start":{"line":141,"column":20},"end":{"line":141,"column":57}},"98":{"start":{"line":142,"column":20},"end":{"line":142,"column":69}},"99":{"start":{"line":148,"column":8},"end":{"line":186,"column":10}},"100":{"start":{"line":152,"column":31},"end":{"line":152,"column":49}},"101":{"start":{"line":153,"column":35},"end":{"line":153,"column":57}},"102":{"start":{"line":154,"column":29},"end":{"line":154,"column":52}},"103":{"start":{"line":155,"column":23},"end":{"line":155,"column":64}},"104":{"start":{"line":155,"column":34},"end":{"line":155,"column":64}},"105":{"start":{"line":157,"column":12},"end":{"line":172,"column":14}},"106":{"start":{"line":158,"column":16},"end":{"line":158,"column":42}},"107":{"start":{"line":159,"column":16},"end":{"line":159,"column":47}},"108":{"start":{"line":160,"column":16},"end":{"line":160,"column":54}},"109":{"start":{"line":161,"column":16},"end":{"line":161,"column":49}},"110":{"start":{"line":162,"column":16},"end":{"line":162,"column":37}},"111":{"start":{"line":163,"column":16},"end":{"line":163,"column":57}},"112":{"start":{"line":164,"column":16},"end":{"line":164,"column":71}},"113":{"start":{"line":165,"column":16},"end":{"line":165,"column":58}},"114":{"start":{"line":166,"column":16},"end":{"line":166,"column":39}},"115":{"start":{"line":167,"column":16},"end":{"line":167,"column":64}},"116":{"start":{"line":168,"column":16},"end":{"line":168,"column":64}},"117":{"start":{"line":170,"column":29},"end":{"line":170,"column":151}},"118":{"start":{"line":171,"column":16},"end":{"line":171,"column":28}},"119":{"start":{"line":175,"column":12},"end":{"line":184,"column":14}},"120":{"start":{"line":176,"column":34},"end":{"line":176,"column":66}},"121":{"start":{"line":177,"column":32},"end":{"line":177,"column":65}},"122":{"start":{"line":178,"column":38},"end":{"line":178,"column":45}},"123":{"start":{"line":179,"column":16},"end":{"line":183,"column":18}},"124":{"start":{"line":180,"column":20},"end":{"line":180,"column":53}},"125":{"start":{"line":181,"column":20},"end":{"line":181,"column":57}},"126":{"start":{"line":182,"column":20},"end":{"line":182,"column":69}},"127":{"start":{"line":189,"column":4},"end":{"line":189,"column":38}},"128":{"start":{"line":189,"column":16},"end":{"line":189,"column":37}}},"fnMap":{"0":{"name":"(anonymous_0)","decl":{"start":{"line":7,"column":38},"end":{"line":7,"column":39}},"loc":{"start":{"line":7,"column":44},"end":{"line":190,"column":1}},"line":7},"1":{"name":"(anonymous_1)","decl":{"start":{"line":8,"column":11},"end":{"line":8,"column":12}},"loc":{"start":{"line":8,"column":17},"end":{"line":8,"column":100}},"line":8},"2":{"name":"(anonymous_2)","decl":{"start":{"line":17,"column":15},"end":{"line":17,"column":16}},"loc":{"start":{"line":17,"column":27},"end":{"line":33,"column":5}},"line":17},"3":{"name":"(anonymous_3)","decl":{"start":{"line":35,"column":34},"end":{"line":35,"column":35}},"loc":{"start":{"line":36,"column":8},"end":{"line":38,"column":42}},"line":36},"4":{"name":"(anonymous_4)","decl":{"start":{"line":36,"column":15},"end":{"line":36,"column":16}},"loc":{"start":{"line":37,"column":12},"end":{"line":37,"column":38}},"line":37},"5":{"name":"(anonymous_5)","decl":{"start":{"line":41,"column":38},"end":{"line":41,"column":39}},"loc":{"start":{"line":42,"column":8},"end":{"line":44,"column":61}},"line":42},"6":{"name":"(anonymous_6)","decl":{"start":{"line":42,"column":15},"end":{"line":42,"column":16}},"loc":{"start":{"line":43,"column":12},"end":{"line":43,"column":45}},"line":43},"7":{"name":"(anonymous_7)","decl":{"start":{"line":47,"column":41},"end":{"line":47,"column":42}},"loc":{"start":{"line":48,"column":8},"end":{"line":50,"column":61}},"line":48},"8":{"name":"(anonymous_8)","decl":{"start":{"line":48,"column":15},"end":{"line":48,"column":16}},"loc":{"start":{"line":49,"column":12},"end":{"line":49,"column":45}},"line":49},"9":{"name":"(anonymous_9)","decl":{"start":{"line":53,"column":40},"end":{"line":53,"column":41}},"loc":{"start":{"line":53,"column":52},"end":{"line":59,"column":5}},"line":53},"10":{"name":"(anonymous_10)","decl":{"start":{"line":62,"column":47},"end":{"line":62,"column":48}},"loc":{"start":{"line":62,"column":59},"end":{"line":67,"column":5}},"line":62},"11":{"name":"(anonymous_11)","decl":{"start":{"line":69,"column":32},"end":{"line":69,"column":33}},"loc":{"start":{"line":69,"column":44},"end":{"line":98,"column":5}},"line":69},"12":{"name":"(anonymous_12)","decl":{"start":{"line":81,"column":26},"end":{"line":81,"column":27}},"loc":{"start":{"line":81,"column":34},"end":{"line":96,"column":9}},"line":81},"13":{"name":"(anonymous_13)","decl":{"start":{"line":101,"column":51},"end":{"line":101,"column":52}},"loc":{"start":{"line":101,"column":63},"end":{"line":107,"column":5}},"line":101},"14":{"name":"(anonymous_14)","decl":{"start":{"line":109,"column":35},"end":{"line":109,"column":36}},"loc":{"start":{"line":109,"column":41},"end":{"line":188,"column":5}},"line":109},"15":{"name":"(anonymous_15)","decl":{"start":{"line":110,"column":27},"end":{"line":110,"column":28}},"loc":{"start":{"line":110,"column":33},"end":{"line":145,"column":9}},"line":110},"16":{"name":"(anonymous_16)","decl":{"start":{"line":117,"column":23},"end":{"line":117,"column":24}},"loc":{"start":{"line":117,"column":34},"end":{"line":117,"column":64}},"line":117},"17":{"name":"(anonymous_17)","decl":{"start":{"line":119,"column":23},"end":{"line":119,"column":24}},"loc":{"start":{"line":119,"column":35},"end":{"line":133,"column":13}},"line":119},"18":{"name":"(anonymous_18)","decl":{"start":{"line":135,"column":63},"end":{"line":135,"column":64}},"loc":{"start":{"line":135,"column":75},"end":{"line":144,"column":13}},"line":135},"19":{"name":"(anonymous_19)","decl":{"start":{"line":139,"column":34},"end":{"line":139,"column":35}},"loc":{"start":{"line":139,"column":43},"end":{"line":143,"column":17}},"line":139},"20":{"name":"(anonymous_20)","decl":{"start":{"line":148,"column":27},"end":{"line":148,"column":28}},"loc":{"start":{"line":148,"column":33},"end":{"line":186,"column":9}},"line":148},"21":{"name":"(anonymous_21)","decl":{"start":{"line":155,"column":23},"end":{"line":155,"column":24}},"loc":{"start":{"line":155,"column":34},"end":{"line":155,"column":64}},"line":155},"22":{"name":"(anonymous_22)","decl":{"start":{"line":157,"column":23},"end":{"line":157,"column":24}},"loc":{"start":{"line":157,"column":35},"end":{"line":172,"column":13}},"line":157},"23":{"name":"(anonymous_23)","decl":{"start":{"line":175,"column":63},"end":{"line":175,"column":64}},"loc":{"start":{"line":175,"column":75},"end":{"line":184,"column":13}},"line":175},"24":{"name":"(anonymous_24)","decl":{"start":{"line":179,"column":34},"end":{"line":179,"column":35}},"loc":{"start":{"line":179,"column":43},"end":{"line":183,"column":17}},"line":179},"25":{"name":"(anonymous_25)","decl":{"start":{"line":189,"column":10},"end":{"line":189,"column":11}},"loc":{"start":{"line":189,"column":16},"end":{"line":189,"column":37}},"line":189}},"branchMap":{},"s":{"0":1,"1":1,"2":1,"3":1,"4":1,"5":1,"6":1,"7":1,"8":1,"9":9,"10":9,"11":9,"12":9,"13":9,"14":9,"15":9,"16":9,"17":9,"18":9,"19":9,"20":9,"21":9,"22":9,"23":1,"24":1,"25":1,"26":1,"27":1,"28":1,"29":1,"30":1,"31":1,"32":1,"33":1,"34":1,"35":1,"36":1,"37":1,"38":1,"39":1,"40":1,"41":1,"42":1,"43":1,"44":1,"45":1,"46":1,"47":1,"48":1,"49":1,"50":1,"51":5,"52":5,"53":5,"54":5,"55":5,"56":5,"57":5,"58":5,"59":5,"60":5,"61":5,"62":5,"63":5,"64":5,"65":1,"66":1,"67":1,"68":1,"69":1,"70":1,"71":1,"72":1,"73":1,"74":1,"75":1,"76":3,"77":1,"78":1,"79":1,"80":1,"81":1,"82":1,"83":1,"84":1,"85":1,"86":1,"87":1,"88":1,"89":1,"90":1,"91":1,"92":1,"93":1,"94":1,"95":1,"96":5,"97":5,"98":5,"99":1,"100":1,"101":1,"102":1,"103":1,"104":3,"105":1,"106":1,"107":1,"108":1,"109":1,"110":1,"111":1,"112":1,"113":1,"114":1,"115":1,"116":1,"117":1,"118":1,"119":1,"120":1,"121":1,"122":1,"123":1,"124":5,"125":5,"126":5,"127":1,"128":1},"f":{"0":1,"1":1,"2":9,"3":1,"4":1,"5":1,"6":1,"7":1,"8":1,"9":1,"10":1,"11":1,"12":5,"13":1,"14":1,"15":1,"16":3,"17":1,"18":1,"19":5,"20":1,"21":3,"22":1,"23":1,"24":5,"25":1},"b":{},"_coverageSchema":"43e27e138ebf9cfc5966b082cf9a028302ed4184","hash":"294fa2dc2569aeafc90607c2a9693d2370117b7f","contentHash":"9f616e8d7a987f145bc49544d9760b08ef3fa057780e7ccf1b4e32c684cfa880"},"E:\\Skylab\\bootcamp\\collab\\skylab-bootcamp-201907\\staff\\christian-haag\\wody-app\\wody-api\\logic\\index.js":{"path":"E:\\Skylab\\bootcamp\\collab\\skylab-bootcamp-201907\\staff\\christian-haag\\wody-app\\wody-api\\logic\\index.js","statementMap":{"0":{"start":{"line":1,"column":0},"end":{"line":13,"column":1}}},"fnMap":{},"branchMap":{},"s":{"0":1},"f":{},"b":{},"_coverageSchema":"43e27e138ebf9cfc5966b082cf9a028302ed4184","hash":"bacdf569b3330100a46b5c28461c0d9366b8feef","contentHash":"5b79162552f304a77d40718041cfd909c51b8486d39d6ad81d101656e16acef2"},"E:\\Skylab\\bootcamp\\collab\\skylab-bootcamp-201907\\staff\\christian-haag\\wody-app\\wody-api\\logic\\user\\register\\index.js":{"path":"E:\\Skylab\\bootcamp\\collab\\skylab-bootcamp-201907\\staff\\christian-haag\\wody-app\\wody-api\\logic\\user\\register\\index.js","statementMap":{"0":{"start":{"line":1,"column":21},"end":{"line":1,"column":42}},"1":{"start":{"line":2,"column":29},"end":{"line":2,"column":49}},"2":{"start":{"line":3,"column":15},"end":{"line":3,"column":34}},"3":{"start":{"line":22,"column":0},"end":{"line":42,"column":1}},"4":{"start":{"line":24,"column":4},"end":{"line":24,"column":33}},"5":{"start":{"line":25,"column":4},"end":{"line":25,"column":39}},"6":{"start":{"line":26,"column":4},"end":{"line":26,"column":35}},"7":{"start":{"line":27,"column":4},"end":{"line":27,"column":41}},"8":{"start":{"line":28,"column":4},"end":{"line":28,"column":45}},"9":{"start":{"line":30,"column":4},"end":{"line":30,"column":78}},"10":{"start":{"line":30,"column":33},"end":{"line":30,"column":78}},"11":{"start":{"line":32,"column":4},"end":{"line":41,"column":8}},"12":{"start":{"line":33,"column":21},"end":{"line":33,"column":50}},"13":{"start":{"line":35,"column":8},"end":{"line":35,"column":55}},"14":{"start":{"line":35,"column":18},"end":{"line":35,"column":55}},"15":{"start":{"line":37,"column":21},"end":{"line":37,"column":52}},"16":{"start":{"line":39,"column":23},"end":{"line":39,"column":136}},"17":{"start":{"line":40,"column":8},"end":{"line":40,"column":21}}},"fnMap":{"0":{"name":"(anonymous_0)","decl":{"start":{"line":22,"column":17},"end":{"line":22,"column":18}},"loc":{"start":{"line":22,"column":125},"end":{"line":42,"column":1}},"line":22},"1":{"name":"(anonymous_1)","decl":{"start":{"line":32,"column":12},"end":{"line":32,"column":13}},"loc":{"start":{"line":32,"column":24},"end":{"line":41,"column":5}},"line":32}},"branchMap":{"0":{"loc":{"start":{"line":30,"column":4},"end":{"line":30,"column":78}},"type":"if","locations":[{"start":{"line":30,"column":4},"end":{"line":30,"column":78}},{"start":{"line":30,"column":4},"end":{"line":30,"column":78}}],"line":30},"1":{"loc":{"start":{"line":35,"column":8},"end":{"line":35,"column":55}},"type":"if","locations":[{"start":{"line":35,"column":8},"end":{"line":35,"column":55}},{"start":{"line":35,"column":8},"end":{"line":35,"column":55}}],"line":35}},"s":{"0":1,"1":1,"2":1,"3":1,"4":55,"5":52,"6":49,"7":46,"8":43,"9":40,"10":1,"11":39,"12":39,"13":39,"14":1,"15":38,"16":38,"17":37},"f":{"0":55,"1":39},"b":{"0":[1,39],"1":[1,38]},"_coverageSchema":"43e27e138ebf9cfc5966b082cf9a028302ed4184","hash":"7f16ad7469ffb107b3a1735d4c01361dde656978","contentHash":"27a4ea08a1c4a753fcc17b87346f126603d0fc318bcef6334e70786e0beeeba6"},"E:\\Skylab\\bootcamp\\collab\\skylab-bootcamp-201907\\staff\\christian-haag\\wody-app\\wody-api\\logic\\user\\authenticate\\index.js":{"path":"E:\\Skylab\\bootcamp\\collab\\skylab-bootcamp-201907\\staff\\christian-haag\\wody-app\\wody-api\\logic\\user\\authenticate\\index.js","statementMap":{"0":{"start":{"line":1,"column":21},"end":{"line":1,"column":42}},"1":{"start":{"line":2,"column":29},"end":{"line":2,"column":49}},"2":{"start":{"line":3,"column":15},"end":{"line":3,"column":34}},"3":{"start":{"line":13,"column":0},"end":{"line":32,"column":1}},"4":{"start":{"line":15,"column":4},"end":{"line":15,"column":34}},"5":{"start":{"line":16,"column":4},"end":{"line":16,"column":35}},"6":{"start":{"line":17,"column":4},"end":{"line":17,"column":41}},"7":{"start":{"line":19,"column":4},"end":{"line":31,"column":8}},"8":{"start":{"line":21,"column":21},"end":{"line":21,"column":50}},"9":{"start":{"line":23,"column":8},"end":{"line":23,"column":55}},"10":{"start":{"line":23,"column":19},"end":{"line":23,"column":55}},"11":{"start":{"line":25,"column":22},"end":{"line":25,"column":67}},"12":{"start":{"line":27,"column":8},"end":{"line":27,"column":52}},"13":{"start":{"line":27,"column":20},"end":{"line":27,"column":52}},"14":{"start":{"line":29,"column":8},"end":{"line":29,"column":22}}},"fnMap":{"0":{"name":"(anonymous_0)","decl":{"start":{"line":13,"column":17},"end":{"line":13,"column":18}},"loc":{"start":{"line":13,"column":44},"end":{"line":32,"column":1}},"line":13},"1":{"name":"(anonymous_1)","decl":{"start":{"line":19,"column":12},"end":{"line":19,"column":13}},"loc":{"start":{"line":19,"column":24},"end":{"line":31,"column":5}},"line":19}},"branchMap":{"0":{"loc":{"start":{"line":23,"column":8},"end":{"line":23,"column":55}},"type":"if","locations":[{"start":{"line":23,"column":8},"end":{"line":23,"column":55}},{"start":{"line":23,"column":8},"end":{"line":23,"column":55}}],"line":23},"1":{"loc":{"start":{"line":27,"column":8},"end":{"line":27,"column":52}},"type":"if","locations":[{"start":{"line":27,"column":8},"end":{"line":27,"column":52}},{"start":{"line":27,"column":8},"end":{"line":27,"column":52}}],"line":27}},"s":{"0":1,"1":1,"2":1,"3":1,"4":7,"5":6,"6":6,"7":3,"8":3,"9":3,"10":1,"11":2,"12":2,"13":1,"14":1},"f":{"0":7,"1":3},"b":{"0":[1,2],"1":[1,1]},"_coverageSchema":"43e27e138ebf9cfc5966b082cf9a028302ed4184","hash":"0c21e7513c4ed2e97f048889f2e7d1568d9e9acd","contentHash":"21e346a328b927b9311da42af1cab5388824112b399e7797e12592b444962d5d"},"E:\\Skylab\\bootcamp\\collab\\skylab-bootcamp-201907\\staff\\christian-haag\\wody-app\\wody-api\\logic\\user\\retrieve\\index.js":{"path":"E:\\Skylab\\bootcamp\\collab\\skylab-bootcamp-201907\\staff\\christian-haag\\wody-app\\wody-api\\logic\\user\\retrieve\\index.js","statementMap":{"0":{"start":{"line":1,"column":21},"end":{"line":1,"column":42}},"1":{"start":{"line":2,"column":29},"end":{"line":2,"column":49}},"2":{"start":{"line":9,"column":0},"end":{"line":25,"column":1}},"3":{"start":{"line":11,"column":4},"end":{"line":11,"column":29}},"4":{"start":{"line":13,"column":4},"end":{"line":23,"column":8}},"5":{"start":{"line":15,"column":21},"end":{"line":15,"column":84}},"6":{"start":{"line":17,"column":8},"end":{"line":17,"column":66}},"7":{"start":{"line":17,"column":19},"end":{"line":17,"column":66}},"8":{"start":{"line":19,"column":8},"end":{"line":19,"column":20}},"9":{"start":{"line":21,"column":8},"end":{"line":21,"column":19}}},"fnMap":{"0":{"name":"(anonymous_0)","decl":{"start":{"line":9,"column":17},"end":{"line":9,"column":18}},"loc":{"start":{"line":9,"column":31},"end":{"line":25,"column":1}},"line":9},"1":{"name":"(anonymous_1)","decl":{"start":{"line":13,"column":12},"end":{"line":13,"column":13}},"loc":{"start":{"line":13,"column":24},"end":{"line":23,"column":5}},"line":13}},"branchMap":{"0":{"loc":{"start":{"line":17,"column":8},"end":{"line":17,"column":66}},"type":"if","locations":[{"start":{"line":17,"column":8},"end":{"line":17,"column":66}},{"start":{"line":17,"column":8},"end":{"line":17,"column":66}}],"line":17}},"s":{"0":1,"1":1,"2":1,"3":6,"4":3,"5":3,"6":3,"7":1,"8":2,"9":2},"f":{"0":6,"1":3},"b":{"0":[1,2]},"_coverageSchema":"43e27e138ebf9cfc5966b082cf9a028302ed4184","hash":"d47edb4f3c8c5530543417dd23c310a8dbff9456","contentHash":"244c946fd38be280c14e8ab64767f9f909e2394c6f33436d62be265700f59943"},"E:\\Skylab\\bootcamp\\collab\\skylab-bootcamp-201907\\staff\\christian-haag\\wody-app\\wody-api\\logic\\user\\unregister\\index.js":{"path":"E:\\Skylab\\bootcamp\\collab\\skylab-bootcamp-201907\\staff\\christian-haag\\wody-app\\wody-api\\logic\\user\\unregister\\index.js","statementMap":{"0":{"start":{"line":1,"column":21},"end":{"line":1,"column":42}},"1":{"start":{"line":2,"column":29},"end":{"line":2,"column":49}},"2":{"start":{"line":3,"column":15},"end":{"line":3,"column":34}},"3":{"start":{"line":12,"column":0},"end":{"line":31,"column":1}},"4":{"start":{"line":14,"column":4},"end":{"line":14,"column":29}},"5":{"start":{"line":15,"column":4},"end":{"line":15,"column":41}},"6":{"start":{"line":17,"column":4},"end":{"line":30,"column":8}},"7":{"start":{"line":18,"column":21},"end":{"line":18,"column":53}},"8":{"start":{"line":20,"column":8},"end":{"line":20,"column":51}},"9":{"start":{"line":20,"column":19},"end":{"line":20,"column":51}},"10":{"start":{"line":22,"column":22},"end":{"line":22,"column":67}},"11":{"start":{"line":24,"column":8},"end":{"line":24,"column":52}},"12":{"start":{"line":24,"column":20},"end":{"line":24,"column":52}},"13":{"start":{"line":26,"column":23},"end":{"line":26,"column":81}},"14":{"start":{"line":28,"column":8},"end":{"line":28,"column":70}},"15":{"start":{"line":28,"column":34},"end":{"line":28,"column":70}}},"fnMap":{"0":{"name":"(anonymous_0)","decl":{"start":{"line":12,"column":17},"end":{"line":12,"column":18}},"loc":{"start":{"line":12,"column":41},"end":{"line":31,"column":1}},"line":12},"1":{"name":"(anonymous_1)","decl":{"start":{"line":17,"column":12},"end":{"line":17,"column":13}},"loc":{"start":{"line":17,"column":24},"end":{"line":30,"column":5}},"line":17}},"branchMap":{"0":{"loc":{"start":{"line":20,"column":8},"end":{"line":20,"column":51}},"type":"if","locations":[{"start":{"line":20,"column":8},"end":{"line":20,"column":51}},{"start":{"line":20,"column":8},"end":{"line":20,"column":51}}],"line":20},"1":{"loc":{"start":{"line":24,"column":8},"end":{"line":24,"column":52}},"type":"if","locations":[{"start":{"line":24,"column":8},"end":{"line":24,"column":52}},{"start":{"line":24,"column":8},"end":{"line":24,"column":52}}],"line":24},"2":{"loc":{"start":{"line":28,"column":8},"end":{"line":28,"column":70}},"type":"if","locations":[{"start":{"line":28,"column":8},"end":{"line":28,"column":70}},{"start":{"line":28,"column":8},"end":{"line":28,"column":70}}],"line":28}},"s":{"0":1,"1":1,"2":1,"3":1,"4":9,"5":6,"6":3,"7":3,"8":3,"9":1,"10":2,"11":2,"12":1,"13":1,"14":1,"15":0},"f":{"0":9,"1":3},"b":{"0":[1,2],"1":[1,1],"2":[0,1]},"_coverageSchema":"43e27e138ebf9cfc5966b082cf9a028302ed4184","hash":"413ac37a7bb109d2e2b067d3255fb5eb847b3cfd","contentHash":"47f3d4f7365f5f2561d88388f75cb20858351e36fffd2a4bd3fe83f59a87cb33"},"E:\\Skylab\\bootcamp\\collab\\skylab-bootcamp-201907\\staff\\christian-haag\\wody-app\\wody-api\\logic\\user\\update\\index.js":{"path":"E:\\Skylab\\bootcamp\\collab\\skylab-bootcamp-201907\\staff\\christian-haag\\wody-app\\wody-api\\logic\\user\\update\\index.js","statementMap":{"0":{"start":{"line":1,"column":21},"end":{"line":1,"column":42}},"1":{"start":{"line":2,"column":29},"end":{"line":2,"column":49}},"2":{"start":{"line":12,"column":0},"end":{"line":20,"column":1}},"3":{"start":{"line":14,"column":4},"end":{"line":14,"column":29}},"4":{"start":{"line":16,"column":4},"end":{"line":19,"column":8}},"5":{"start":{"line":17,"column":21},"end":{"line":17,"column":98}},"6":{"start":{"line":18,"column":8},"end":{"line":18,"column":71}},"7":{"start":{"line":18,"column":19},"end":{"line":18,"column":71}}},"fnMap":{"0":{"name":"(anonymous_0)","decl":{"start":{"line":12,"column":17},"end":{"line":12,"column":18}},"loc":{"start":{"line":12,"column":37},"end":{"line":20,"column":1}},"line":12},"1":{"name":"(anonymous_1)","decl":{"start":{"line":16,"column":12},"end":{"line":16,"column":13}},"loc":{"start":{"line":16,"column":24},"end":{"line":19,"column":5}},"line":16}},"branchMap":{"0":{"loc":{"start":{"line":18,"column":8},"end":{"line":18,"column":71}},"type":"if","locations":[{"start":{"line":18,"column":8},"end":{"line":18,"column":71}},{"start":{"line":18,"column":8},"end":{"line":18,"column":71}}],"line":18}},"s":{"0":1,"1":1,"2":1,"3":4,"4":1,"5":1,"6":1,"7":0},"f":{"0":4,"1":1},"b":{"0":[0,1]},"_coverageSchema":"43e27e138ebf9cfc5966b082cf9a028302ed4184","hash":"7aa16d921d22047ab89486302629200400768cb2","contentHash":"72f0bdc00ca9b96e3331a146184b2876cba142e59741fc32812b9fbd246fba1d"},"E:\\Skylab\\bootcamp\\collab\\skylab-bootcamp-201907\\staff\\christian-haag\\wody-app\\wody-api\\logic\\movement\\calcworkout\\index.js":{"path":"E:\\Skylab\\bootcamp\\collab\\skylab-bootcamp-201907\\staff\\christian-haag\\wody-app\\wody-api\\logic\\movement\\calcworkout\\index.js","statementMap":{"0":{"start":{"line":1,"column":33},"end":{"line":1,"column":54}},"1":{"start":{"line":2,"column":48},"end":{"line":2,"column":68}},"2":{"start":{"line":11,"column":0},"end":{"line":57,"column":1}},"3":{"start":{"line":13,"column":4},"end":{"line":13,"column":29}},"4":{"start":{"line":15,"column":4},"end":{"line":55,"column":8}},"5":{"start":{"line":17,"column":21},"end":{"line":17,"column":44}},"6":{"start":{"line":19,"column":8},"end":{"line":19,"column":57}},"7":{"start":{"line":19,"column":19},"end":{"line":19,"column":57}},"8":{"start":{"line":21,"column":47},"end":{"line":21,"column":51}},"9":{"start":{"line":23,"column":26},"end":{"line":23,"column":112}},"10":{"start":{"line":25,"column":31},"end":{"line":25,"column":45}},"11":{"start":{"line":26,"column":8},"end":{"line":26,"column":16}},"12":{"start":{"line":28,"column":35},"end":{"line":28,"column":61}},"13":{"start":{"line":30,"column":8},"end":{"line":30,"column":38}},"14":{"start":{"line":32,"column":8},"end":{"line":40,"column":10}},"15":{"start":{"line":33,"column":29},"end":{"line":33,"column":37}},"16":{"start":{"line":35,"column":12},"end":{"line":35,"column":34}},"17":{"start":{"line":35,"column":28},"end":{"line":35,"column":34}},"18":{"start":{"line":37,"column":12},"end":{"line":37,"column":28}},"19":{"start":{"line":39,"column":12},"end":{"line":39,"column":26}},"20":{"start":{"line":43,"column":20},"end":{"line":43,"column":65}},"21":{"start":{"line":44,"column":24},"end":{"line":44,"column":39}},"22":{"start":{"line":45,"column":8},"end":{"line":45,"column":27}},"23":{"start":{"line":47,"column":32},"end":{"line":47,"column":97}},"24":{"start":{"line":49,"column":8},"end":{"line":49,"column":42}},"25":{"start":{"line":51,"column":8},"end":{"line":51,"column":25}},"26":{"start":{"line":52,"column":8},"end":{"line":52,"column":36}},"27":{"start":{"line":54,"column":8},"end":{"line":54,"column":33}}},"fnMap":{"0":{"name":"(anonymous_0)","decl":{"start":{"line":11,"column":17},"end":{"line":11,"column":18}},"loc":{"start":{"line":11,"column":31},"end":{"line":57,"column":1}},"line":11},"1":{"name":"(anonymous_1)","decl":{"start":{"line":15,"column":12},"end":{"line":15,"column":13}},"loc":{"start":{"line":15,"column":24},"end":{"line":55,"column":5}},"line":15},"2":{"name":"(anonymous_2)","decl":{"start":{"line":32,"column":37},"end":{"line":32,"column":38}},"loc":{"start":{"line":32,"column":49},"end":{"line":40,"column":9}},"line":32}},"branchMap":{"0":{"loc":{"start":{"line":19,"column":8},"end":{"line":19,"column":57}},"type":"if","locations":[{"start":{"line":19,"column":8},"end":{"line":19,"column":57}},{"start":{"line":19,"column":8},"end":{"line":19,"column":57}}],"line":19},"1":{"loc":{"start":{"line":35,"column":12},"end":{"line":35,"column":34}},"type":"if","locations":[{"start":{"line":35,"column":12},"end":{"line":35,"column":34}},{"start":{"line":35,"column":12},"end":{"line":35,"column":34}}],"line":35}},"s":{"0":1,"1":1,"2":1,"3":43,"4":40,"5":40,"6":40,"7":1,"8":39,"9":39,"10":39,"11":39,"12":39,"13":39,"14":39,"15":195,"16":195,"17":15,"18":180,"19":180,"20":39,"21":39,"22":39,"23":39,"24":39,"25":39,"26":39,"27":39},"f":{"0":43,"1":40,"2":195},"b":{"0":[1,39],"1":[15,180]},"_coverageSchema":"43e27e138ebf9cfc5966b082cf9a028302ed4184","hash":"4f236fc8eb486d88746456bbc7cf560f8fa7ce91","contentHash":"2eb4cba482976dfd53aa2e38a782eb81909d6723ebed71e1f7936ba917a5c981"},"E:\\Skylab\\bootcamp\\collab\\skylab-bootcamp-201907\\staff\\christian-haag\\wody-app\\wody-api\\logic\\movement\\tooglefavworkout\\index.js":{"path":"E:\\Skylab\\bootcamp\\collab\\skylab-bootcamp-201907\\staff\\christian-haag\\wody-app\\wody-api\\logic\\movement\\tooglefavworkout\\index.js","statementMap":{"0":{"start":{"line":1,"column":21},"end":{"line":1,"column":42}},"1":{"start":{"line":2,"column":38},"end":{"line":2,"column":58}},"2":{"start":{"line":17,"column":0},"end":{"line":48,"column":1}},"3":{"start":{"line":19,"column":4},"end":{"line":19,"column":43}},"4":{"start":{"line":20,"column":4},"end":{"line":20,"column":37}},"5":{"start":{"line":22,"column":4},"end":{"line":46,"column":8}},"6":{"start":{"line":24,"column":24},"end":{"line":24,"column":57}},"7":{"start":{"line":25,"column":21},"end":{"line":25,"column":48}},"8":{"start":{"line":27,"column":8},"end":{"line":27,"column":63}},"9":{"start":{"line":27,"column":22},"end":{"line":27,"column":63}},"10":{"start":{"line":28,"column":8},"end":{"line":28,"column":57}},"11":{"start":{"line":28,"column":19},"end":{"line":28,"column":57}},"12":{"start":{"line":30,"column":8},"end":{"line":38,"column":9}},"13":{"start":{"line":31,"column":12},"end":{"line":31,"column":38}},"14":{"start":{"line":32,"column":12},"end":{"line":32,"column":29}},"15":{"start":{"line":33,"column":12},"end":{"line":33,"column":39}},"16":{"start":{"line":35,"column":23},"end":{"line":35,"column":78}},"17":{"start":{"line":35,"column":47},"end":{"line":35,"column":77}},"18":{"start":{"line":37,"column":12},"end":{"line":37,"column":28}},"19":{"start":{"line":40,"column":8},"end":{"line":40,"column":56}},"20":{"start":{"line":40,"column":39},"end":{"line":40,"column":56}},"21":{"start":{"line":42,"column":8},"end":{"line":42,"column":25}},"22":{"start":{"line":44,"column":8},"end":{"line":44,"column":24}}},"fnMap":{"0":{"name":"(anonymous_0)","decl":{"start":{"line":17,"column":17},"end":{"line":17,"column":18}},"loc":{"start":{"line":17,"column":46},"end":{"line":48,"column":1}},"line":17},"1":{"name":"(anonymous_1)","decl":{"start":{"line":22,"column":12},"end":{"line":22,"column":13}},"loc":{"start":{"line":22,"column":24},"end":{"line":46,"column":5}},"line":22},"2":{"name":"(anonymous_2)","decl":{"start":{"line":35,"column":42},"end":{"line":35,"column":43}},"loc":{"start":{"line":35,"column":47},"end":{"line":35,"column":77}},"line":35}},"branchMap":{"0":{"loc":{"start":{"line":27,"column":8},"end":{"line":27,"column":63}},"type":"if","locations":[{"start":{"line":27,"column":8},"end":{"line":27,"column":63}},{"start":{"line":27,"column":8},"end":{"line":27,"column":63}}],"line":27},"1":{"loc":{"start":{"line":28,"column":8},"end":{"line":28,"column":57}},"type":"if","locations":[{"start":{"line":28,"column":8},"end":{"line":28,"column":57}},{"start":{"line":28,"column":8},"end":{"line":28,"column":57}}],"line":28},"2":{"loc":{"start":{"line":30,"column":8},"end":{"line":38,"column":9}},"type":"if","locations":[{"start":{"line":30,"column":8},"end":{"line":38,"column":9}},{"start":{"line":30,"column":8},"end":{"line":38,"column":9}}],"line":30},"3":{"loc":{"start":{"line":40,"column":8},"end":{"line":40,"column":56}},"type":"if","locations":[{"start":{"line":40,"column":8},"end":{"line":40,"column":56}},{"start":{"line":40,"column":8},"end":{"line":40,"column":56}}],"line":40}},"s":{"0":1,"1":1,"2":1,"3":21,"4":18,"5":15,"6":15,"7":15,"8":15,"9":2,"10":13,"11":1,"12":12,"13":12,"14":12,"15":12,"16":0,"17":0,"18":0,"19":12,"20":12,"21":12,"22":12},"f":{"0":21,"1":15,"2":0},"b":{"0":[2,13],"1":[1,12],"2":[12,0],"3":[12,0]},"_coverageSchema":"43e27e138ebf9cfc5966b082cf9a028302ed4184","hash":"1f0f9953c18cc65872df7528994e6c1a91f1dda6","contentHash":"4d7b854af414978ea9d9f3f1111b5b315845ad3e46c25e484418a0fa4dcf01e0"},"E:\\Skylab\\bootcamp\\collab\\skylab-bootcamp-201907\\staff\\christian-haag\\wody-app\\wody-api\\logic\\movement\\retrievefavworkout\\index.js":{"path":"E:\\Skylab\\bootcamp\\collab\\skylab-bootcamp-201907\\staff\\christian-haag\\wody-app\\wody-api\\logic\\movement\\retrievefavworkout\\index.js","statementMap":{"0":{"start":{"line":1,"column":21},"end":{"line":1,"column":42}},"1":{"start":{"line":2,"column":38},"end":{"line":2,"column":58}},"2":{"start":{"line":13,"column":0},"end":{"line":28,"column":1}},"3":{"start":{"line":15,"column":4},"end":{"line":15,"column":37}},"4":{"start":{"line":17,"column":4},"end":{"line":27,"column":8}},"5":{"start":{"line":19,"column":21},"end":{"line":19,"column":48}},"6":{"start":{"line":21,"column":8},"end":{"line":21,"column":57}},"7":{"start":{"line":21,"column":19},"end":{"line":21,"column":57}},"8":{"start":{"line":23,"column":28},"end":{"line":23,"column":75}},"9":{"start":{"line":23,"column":57},"end":{"line":23,"column":74}},"10":{"start":{"line":25,"column":8},"end":{"line":25,"column":26}}},"fnMap":{"0":{"name":"(anonymous_0)","decl":{"start":{"line":13,"column":17},"end":{"line":13,"column":18}},"loc":{"start":{"line":13,"column":35},"end":{"line":28,"column":1}},"line":13},"1":{"name":"(anonymous_1)","decl":{"start":{"line":17,"column":12},"end":{"line":17,"column":13}},"loc":{"start":{"line":17,"column":24},"end":{"line":27,"column":5}},"line":17},"2":{"name":"(anonymous_2)","decl":{"start":{"line":23,"column":49},"end":{"line":23,"column":50}},"loc":{"start":{"line":23,"column":57},"end":{"line":23,"column":74}},"line":23}},"branchMap":{"0":{"loc":{"start":{"line":21,"column":8},"end":{"line":21,"column":57}},"type":"if","locations":[{"start":{"line":21,"column":8},"end":{"line":21,"column":57}},{"start":{"line":21,"column":8},"end":{"line":21,"column":57}}],"line":21}},"s":{"0":1,"1":1,"2":1,"3":5,"4":2,"5":2,"6":2,"7":1,"8":1,"9":3,"10":1},"f":{"0":5,"1":2,"2":3},"b":{"0":[1,1]},"_coverageSchema":"43e27e138ebf9cfc5966b082cf9a028302ed4184","hash":"ad5620815f7221985f5a57e67ed81e2fb454fce3","contentHash":"49f85279d5fd5b1ffeb00968eba1bb167b5b841ff2878d2b39ea28bb6cfff223"},"E:\\Skylab\\bootcamp\\collab\\skylab-bootcamp-201907\\staff\\christian-haag\\wody-app\\wody-api\\logic\\movement\\endworkout\\index.js":{"path":"E:\\Skylab\\bootcamp\\collab\\skylab-bootcamp-201907\\staff\\christian-haag\\wody-app\\wody-api\\logic\\movement\\endworkout\\index.js","statementMap":{"0":{"start":{"line":1,"column":21},"end":{"line":1,"column":42}},"1":{"start":{"line":2,"column":38},"end":{"line":2,"column":58}},"2":{"start":{"line":6,"column":0},"end":{"line":30,"column":1}},"3":{"start":{"line":8,"column":4},"end":{"line":8,"column":43}},"4":{"start":{"line":9,"column":4},"end":{"line":9,"column":37}},"5":{"start":{"line":11,"column":4},"end":{"line":29,"column":8}},"6":{"start":{"line":13,"column":24},"end":{"line":13,"column":57}},"7":{"start":{"line":15,"column":21},"end":{"line":15,"column":48}},"8":{"start":{"line":17,"column":8},"end":{"line":17,"column":63}},"9":{"start":{"line":17,"column":22},"end":{"line":17,"column":63}},"10":{"start":{"line":19,"column":8},"end":{"line":19,"column":57}},"11":{"start":{"line":19,"column":19},"end":{"line":19,"column":57}},"12":{"start":{"line":21,"column":8},"end":{"line":21,"column":35}},"13":{"start":{"line":23,"column":8},"end":{"line":23,"column":55}},"14":{"start":{"line":23,"column":38},"end":{"line":23,"column":55}},"15":{"start":{"line":25,"column":8},"end":{"line":25,"column":28}},"16":{"start":{"line":26,"column":8},"end":{"line":26,"column":25}},"17":{"start":{"line":28,"column":8},"end":{"line":28,"column":24}}},"fnMap":{"0":{"name":"(anonymous_0)","decl":{"start":{"line":6,"column":17},"end":{"line":6,"column":18}},"loc":{"start":{"line":6,"column":46},"end":{"line":30,"column":1}},"line":6},"1":{"name":"(anonymous_1)","decl":{"start":{"line":11,"column":12},"end":{"line":11,"column":13}},"loc":{"start":{"line":11,"column":24},"end":{"line":29,"column":5}},"line":11}},"branchMap":{"0":{"loc":{"start":{"line":17,"column":8},"end":{"line":17,"column":63}},"type":"if","locations":[{"start":{"line":17,"column":8},"end":{"line":17,"column":63}},{"start":{"line":17,"column":8},"end":{"line":17,"column":63}}],"line":17},"1":{"loc":{"start":{"line":19,"column":8},"end":{"line":19,"column":57}},"type":"if","locations":[{"start":{"line":19,"column":8},"end":{"line":19,"column":57}},{"start":{"line":19,"column":8},"end":{"line":19,"column":57}}],"line":19},"2":{"loc":{"start":{"line":23,"column":8},"end":{"line":23,"column":55}},"type":"if","locations":[{"start":{"line":23,"column":8},"end":{"line":23,"column":55}},{"start":{"line":23,"column":8},"end":{"line":23,"column":55}}],"line":23}},"s":{"0":1,"1":1,"2":1,"3":14,"4":11,"5":8,"6":8,"7":8,"8":8,"9":1,"10":7,"11":1,"12":6,"13":6,"14":6,"15":6,"16":6,"17":6},"f":{"0":14,"1":8},"b":{"0":[1,7],"1":[1,6],"2":[6,0]},"_coverageSchema":"43e27e138ebf9cfc5966b082cf9a028302ed4184","hash":"d04b562928a488aaccec39739e137c68b0c5c56e","contentHash":"829c64810700db2a8a51495ba73382c580bef58387d79ef4a9ccec1bdf07da1e"},"E:\\Skylab\\bootcamp\\collab\\skylab-bootcamp-201907\\staff\\christian-haag\\wody-app\\wody-api\\logic\\movement\\endworkout\\index.spec.js":{"path":"E:\\Skylab\\bootcamp\\collab\\skylab-bootcamp-201907\\staff\\christian-haag\\wody-app\\wody-api\\logic\\movement\\endworkout\\index.spec.js","statementMap":{"0":{"start":{"line":1,"column":19},"end":{"line":1,"column":34}},"1":{"start":{"line":2,"column":14},"end":{"line":2,"column":30}},"2":{"start":{"line":3,"column":38},"end":{"line":3,"column":58}},"3":{"start":{"line":4,"column":17},"end":{"line":4,"column":36}},"4":{"start":{"line":5,"column":26},"end":{"line":5,"column":30}},"5":{"start":{"line":7,"column":0},"end":{"line":106,"column":2}},"6":{"start":{"line":8,"column":4},"end":{"line":8,"column":101}},"7":{"start":{"line":8,"column":17},"end":{"line":8,"column":100}},"8":{"start":{"line":12,"column":23},"end":{"line":12,"column":41}},"9":{"start":{"line":13,"column":27},"end":{"line":13,"column":49}},"10":{"start":{"line":14,"column":21},"end":{"line":14,"column":44}},"11":{"start":{"line":15,"column":15},"end":{"line":15,"column":56}},"12":{"start":{"line":15,"column":26},"end":{"line":15,"column":56}},"13":{"start":{"line":17,"column":4},"end":{"line":35,"column":6}},"14":{"start":{"line":18,"column":8},"end":{"line":18,"column":33}},"15":{"start":{"line":19,"column":8},"end":{"line":19,"column":39}},"16":{"start":{"line":20,"column":8},"end":{"line":20,"column":46}},"17":{"start":{"line":21,"column":8},"end":{"line":21,"column":41}},"18":{"start":{"line":22,"column":8},"end":{"line":22,"column":29}},"19":{"start":{"line":23,"column":8},"end":{"line":23,"column":49}},"20":{"start":{"line":24,"column":8},"end":{"line":24,"column":63}},"21":{"start":{"line":25,"column":8},"end":{"line":25,"column":50}},"22":{"start":{"line":26,"column":8},"end":{"line":26,"column":31}},"23":{"start":{"line":27,"column":8},"end":{"line":27,"column":56}},"24":{"start":{"line":28,"column":8},"end":{"line":28,"column":56}},"25":{"start":{"line":30,"column":8},"end":{"line":30,"column":31}},"26":{"start":{"line":31,"column":8},"end":{"line":31,"column":34}},"27":{"start":{"line":32,"column":21},"end":{"line":32,"column":143}},"28":{"start":{"line":33,"column":8},"end":{"line":33,"column":24}},"29":{"start":{"line":34,"column":8},"end":{"line":34,"column":56}},"30":{"start":{"line":37,"column":4},"end":{"line":41,"column":5}},"31":{"start":{"line":38,"column":8},"end":{"line":40,"column":49}},"32":{"start":{"line":39,"column":12},"end":{"line":39,"column":40}},"33":{"start":{"line":43,"column":4},"end":{"line":47,"column":5}},"34":{"start":{"line":44,"column":8},"end":{"line":46,"column":68}},"35":{"start":{"line":45,"column":12},"end":{"line":45,"column":47}},"36":{"start":{"line":49,"column":4},"end":{"line":53,"column":5}},"37":{"start":{"line":50,"column":8},"end":{"line":52,"column":68}},"38":{"start":{"line":51,"column":12},"end":{"line":51,"column":47}},"39":{"start":{"line":55,"column":4},"end":{"line":59,"column":5}},"40":{"start":{"line":56,"column":8},"end":{"line":58,"column":46}},"41":{"start":{"line":57,"column":12},"end":{"line":57,"column":43}},"42":{"start":{"line":61,"column":4},"end":{"line":65,"column":5}},"43":{"start":{"line":62,"column":8},"end":{"line":64,"column":65}},"44":{"start":{"line":63,"column":12},"end":{"line":63,"column":50}},"45":{"start":{"line":67,"column":4},"end":{"line":71,"column":5}},"46":{"start":{"line":68,"column":8},"end":{"line":70,"column":65}},"47":{"start":{"line":69,"column":12},"end":{"line":69,"column":50}},"48":{"start":{"line":73,"column":4},"end":{"line":79,"column":6}},"49":{"start":{"line":74,"column":8},"end":{"line":78,"column":9}},"50":{"start":{"line":75,"column":12},"end":{"line":75,"column":70}},"51":{"start":{"line":77,"column":12},"end":{"line":77,"column":62}},"52":{"start":{"line":81,"column":4},"end":{"line":87,"column":6}},"53":{"start":{"line":82,"column":8},"end":{"line":86,"column":9}},"54":{"start":{"line":83,"column":12},"end":{"line":83,"column":73}},"55":{"start":{"line":85,"column":12},"end":{"line":85,"column":59}},"56":{"start":{"line":89,"column":4},"end":{"line":103,"column":6}},"57":{"start":{"line":90,"column":21},"end":{"line":90,"column":48}},"58":{"start":{"line":92,"column":38},"end":{"line":92,"column":42}},"59":{"start":{"line":93,"column":8},"end":{"line":93,"column":42}},"60":{"start":{"line":94,"column":8},"end":{"line":94,"column":43}},"61":{"start":{"line":96,"column":8},"end":{"line":96,"column":49}},"62":{"start":{"line":98,"column":22},"end":{"line":98,"column":49}},"63":{"start":{"line":100,"column":8},"end":{"line":100,"column":48}},"64":{"start":{"line":101,"column":8},"end":{"line":101,"column":49}},"65":{"start":{"line":105,"column":4},"end":{"line":105,"column":38}},"66":{"start":{"line":105,"column":16},"end":{"line":105,"column":37}}},"fnMap":{"0":{"name":"(anonymous_0)","decl":{"start":{"line":7,"column":30},"end":{"line":7,"column":31}},"loc":{"start":{"line":7,"column":36},"end":{"line":106,"column":1}},"line":7},"1":{"name":"(anonymous_1)","decl":{"start":{"line":8,"column":11},"end":{"line":8,"column":12}},"loc":{"start":{"line":8,"column":17},"end":{"line":8,"column":100}},"line":8},"2":{"name":"(anonymous_2)","decl":{"start":{"line":15,"column":15},"end":{"line":15,"column":16}},"loc":{"start":{"line":15,"column":26},"end":{"line":15,"column":56}},"line":15},"3":{"name":"(anonymous_3)","decl":{"start":{"line":17,"column":15},"end":{"line":17,"column":16}},"loc":{"start":{"line":17,"column":27},"end":{"line":35,"column":5}},"line":17},"4":{"name":"(anonymous_4)","decl":{"start":{"line":37,"column":41},"end":{"line":37,"column":42}},"loc":{"start":{"line":38,"column":8},"end":{"line":40,"column":49}},"line":38},"5":{"name":"(anonymous_5)","decl":{"start":{"line":38,"column":15},"end":{"line":38,"column":16}},"loc":{"start":{"line":39,"column":12},"end":{"line":39,"column":40}},"line":39},"6":{"name":"(anonymous_6)","decl":{"start":{"line":43,"column":45},"end":{"line":43,"column":46}},"loc":{"start":{"line":44,"column":8},"end":{"line":46,"column":68}},"line":44},"7":{"name":"(anonymous_7)","decl":{"start":{"line":44,"column":15},"end":{"line":44,"column":16}},"loc":{"start":{"line":45,"column":12},"end":{"line":45,"column":47}},"line":45},"8":{"name":"(anonymous_8)","decl":{"start":{"line":49,"column":41},"end":{"line":49,"column":42}},"loc":{"start":{"line":50,"column":8},"end":{"line":52,"column":68}},"line":50},"9":{"name":"(anonymous_9)","decl":{"start":{"line":50,"column":15},"end":{"line":50,"column":16}},"loc":{"start":{"line":51,"column":12},"end":{"line":51,"column":47}},"line":51},"10":{"name":"(anonymous_10)","decl":{"start":{"line":55,"column":38},"end":{"line":55,"column":39}},"loc":{"start":{"line":56,"column":8},"end":{"line":58,"column":46}},"line":56},"11":{"name":"(anonymous_11)","decl":{"start":{"line":56,"column":15},"end":{"line":56,"column":16}},"loc":{"start":{"line":57,"column":12},"end":{"line":57,"column":43}},"line":57},"12":{"name":"(anonymous_12)","decl":{"start":{"line":61,"column":42},"end":{"line":61,"column":43}},"loc":{"start":{"line":62,"column":8},"end":{"line":64,"column":65}},"line":62},"13":{"name":"(anonymous_13)","decl":{"start":{"line":62,"column":15},"end":{"line":62,"column":16}},"loc":{"start":{"line":63,"column":12},"end":{"line":63,"column":50}},"line":63},"14":{"name":"(anonymous_14)","decl":{"start":{"line":67,"column":41},"end":{"line":67,"column":42}},"loc":{"start":{"line":68,"column":8},"end":{"line":70,"column":65}},"line":68},"15":{"name":"(anonymous_15)","decl":{"start":{"line":68,"column":15},"end":{"line":68,"column":16}},"loc":{"start":{"line":69,"column":12},"end":{"line":69,"column":50}},"line":69},"16":{"name":"(anonymous_16)","decl":{"start":{"line":73,"column":43},"end":{"line":73,"column":44}},"loc":{"start":{"line":73,"column":55},"end":{"line":79,"column":5}},"line":73},"17":{"name":"(anonymous_17)","decl":{"start":{"line":81,"column":40},"end":{"line":81,"column":41}},"loc":{"start":{"line":81,"column":52},"end":{"line":87,"column":5}},"line":81},"18":{"name":"(anonymous_18)","decl":{"start":{"line":89,"column":50},"end":{"line":89,"column":51}},"loc":{"start":{"line":89,"column":62},"end":{"line":103,"column":5}},"line":89},"19":{"name":"(anonymous_19)","decl":{"start":{"line":105,"column":10},"end":{"line":105,"column":11}},"loc":{"start":{"line":105,"column":16},"end":{"line":105,"column":37}},"line":105}},"branchMap":{},"s":{"0":1,"1":1,"2":1,"3":1,"4":1,"5":1,"6":1,"7":1,"8":1,"9":1,"10":1,"11":1,"12":27,"13":1,"14":9,"15":9,"16":9,"17":9,"18":9,"19":9,"20":9,"21":9,"22":9,"23":9,"24":9,"25":9,"26":9,"27":9,"28":9,"29":9,"30":1,"31":1,"32":1,"33":1,"34":1,"35":1,"36":1,"37":1,"38":1,"39":1,"40":1,"41":1,"42":1,"43":1,"44":1,"45":1,"46":1,"47":1,"48":1,"49":1,"50":1,"51":1,"52":1,"53":1,"54":1,"55":1,"56":1,"57":1,"58":1,"59":1,"60":1,"61":1,"62":1,"63":1,"64":1,"65":1,"66":1},"f":{"0":1,"1":1,"2":27,"3":9,"4":1,"5":1,"6":1,"7":1,"8":1,"9":1,"10":1,"11":1,"12":1,"13":1,"14":1,"15":1,"16":1,"17":1,"18":1,"19":1},"b":{},"_coverageSchema":"43e27e138ebf9cfc5966b082cf9a028302ed4184","hash":"db46640953142ebb0c947256debfd19d70c41c25","contentHash":"7082a7b955615692f8c8792f974b3f3959f3c166646164af709de3ff3c1aaf64"},"E:\\Skylab\\bootcamp\\collab\\skylab-bootcamp-201907\\staff\\christian-haag\\wody-app\\wody-api\\logic\\movement\\retrievefavworkout\\index.spec.js":{"path":"E:\\Skylab\\bootcamp\\collab\\skylab-bootcamp-201907\\staff\\christian-haag\\wody-app\\wody-api\\logic\\movement\\retrievefavworkout\\index.spec.js","statementMap":{"0":{"start":{"line":2,"column":19},"end":{"line":2,"column":34}},"1":{"start":{"line":3,"column":14},"end":{"line":3,"column":30}},"2":{"start":{"line":4,"column":38},"end":{"line":4,"column":58}},"3":{"start":{"line":5,"column":17},"end":{"line":5,"column":36}},"4":{"start":{"line":6,"column":26},"end":{"line":6,"column":30}},"5":{"start":{"line":9,"column":0},"end":{"line":87,"column":2}},"6":{"start":{"line":10,"column":4},"end":{"line":10,"column":101}},"7":{"start":{"line":10,"column":17},"end":{"line":10,"column":100}},"8":{"start":{"line":11,"column":4},"end":{"line":84,"column":6}},"9":{"start":{"line":16,"column":27},"end":{"line":16,"column":45}},"10":{"start":{"line":17,"column":31},"end":{"line":17,"column":53}},"11":{"start":{"line":18,"column":25},"end":{"line":18,"column":48}},"12":{"start":{"line":19,"column":19},"end":{"line":19,"column":60}},"13":{"start":{"line":19,"column":30},"end":{"line":19,"column":60}},"14":{"start":{"line":21,"column":8},"end":{"line":46,"column":10}},"15":{"start":{"line":22,"column":12},"end":{"line":22,"column":38}},"16":{"start":{"line":23,"column":12},"end":{"line":23,"column":44}},"17":{"start":{"line":24,"column":12},"end":{"line":24,"column":51}},"18":{"start":{"line":25,"column":12},"end":{"line":25,"column":46}},"19":{"start":{"line":26,"column":12},"end":{"line":26,"column":34}},"20":{"start":{"line":27,"column":12},"end":{"line":27,"column":54}},"21":{"start":{"line":28,"column":12},"end":{"line":28,"column":68}},"22":{"start":{"line":29,"column":12},"end":{"line":29,"column":48}},"23":{"start":{"line":30,"column":12},"end":{"line":30,"column":36}},"24":{"start":{"line":31,"column":12},"end":{"line":31,"column":61}},"25":{"start":{"line":32,"column":12},"end":{"line":32,"column":61}},"26":{"start":{"line":35,"column":26},"end":{"line":35,"column":158}},"27":{"start":{"line":36,"column":12},"end":{"line":36,"column":30}},"28":{"start":{"line":37,"column":12},"end":{"line":37,"column":62}},"29":{"start":{"line":38,"column":12},"end":{"line":38,"column":55}},"30":{"start":{"line":40,"column":12},"end":{"line":40,"column":62}},"31":{"start":{"line":41,"column":12},"end":{"line":41,"column":55}},"32":{"start":{"line":43,"column":12},"end":{"line":43,"column":62}},"33":{"start":{"line":44,"column":12},"end":{"line":44,"column":55}},"34":{"start":{"line":48,"column":8},"end":{"line":52,"column":9}},"35":{"start":{"line":49,"column":12},"end":{"line":51,"column":50}},"36":{"start":{"line":50,"column":16},"end":{"line":50,"column":44}},"37":{"start":{"line":54,"column":8},"end":{"line":58,"column":9}},"38":{"start":{"line":55,"column":12},"end":{"line":57,"column":69}},"39":{"start":{"line":56,"column":16},"end":{"line":56,"column":51}},"40":{"start":{"line":60,"column":8},"end":{"line":64,"column":9}},"41":{"start":{"line":61,"column":12},"end":{"line":63,"column":69}},"42":{"start":{"line":62,"column":16},"end":{"line":62,"column":51}},"43":{"start":{"line":66,"column":8},"end":{"line":72,"column":10}},"44":{"start":{"line":67,"column":12},"end":{"line":71,"column":13}},"45":{"start":{"line":68,"column":16},"end":{"line":68,"column":74}},"46":{"start":{"line":70,"column":16},"end":{"line":70,"column":63}},"47":{"start":{"line":74,"column":8},"end":{"line":83,"column":10}},"48":{"start":{"line":75,"column":32},"end":{"line":75,"column":71}},"49":{"start":{"line":76,"column":12},"end":{"line":76,"column":40}},"50":{"start":{"line":78,"column":12},"end":{"line":78,"column":50}},"51":{"start":{"line":80,"column":12},"end":{"line":80,"column":46}},"52":{"start":{"line":81,"column":12},"end":{"line":81,"column":46}},"53":{"start":{"line":86,"column":4},"end":{"line":86,"column":38}},"54":{"start":{"line":86,"column":16},"end":{"line":86,"column":37}}},"fnMap":{"0":{"name":"(anonymous_0)","decl":{"start":{"line":9,"column":30},"end":{"line":9,"column":31}},"loc":{"start":{"line":9,"column":36},"end":{"line":87,"column":1}},"line":9},"1":{"name":"(anonymous_1)","decl":{"start":{"line":10,"column":11},"end":{"line":10,"column":12}},"loc":{"start":{"line":10,"column":17},"end":{"line":10,"column":100}},"line":10},"2":{"name":"(anonymous_2)","decl":{"start":{"line":11,"column":50},"end":{"line":11,"column":51}},"loc":{"start":{"line":11,"column":56},"end":{"line":84,"column":5}},"line":11},"3":{"name":"(anonymous_3)","decl":{"start":{"line":19,"column":19},"end":{"line":19,"column":20}},"loc":{"start":{"line":19,"column":30},"end":{"line":19,"column":60}},"line":19},"4":{"name":"(anonymous_4)","decl":{"start":{"line":21,"column":19},"end":{"line":21,"column":20}},"loc":{"start":{"line":21,"column":31},"end":{"line":46,"column":9}},"line":21},"5":{"name":"(anonymous_5)","decl":{"start":{"line":48,"column":42},"end":{"line":48,"column":43}},"loc":{"start":{"line":49,"column":12},"end":{"line":51,"column":50}},"line":49},"6":{"name":"(anonymous_6)","decl":{"start":{"line":49,"column":19},"end":{"line":49,"column":20}},"loc":{"start":{"line":50,"column":16},"end":{"line":50,"column":44}},"line":50},"7":{"name":"(anonymous_7)","decl":{"start":{"line":54,"column":46},"end":{"line":54,"column":47}},"loc":{"start":{"line":55,"column":12},"end":{"line":57,"column":69}},"line":55},"8":{"name":"(anonymous_8)","decl":{"start":{"line":55,"column":19},"end":{"line":55,"column":20}},"loc":{"start":{"line":56,"column":16},"end":{"line":56,"column":51}},"line":56},"9":{"name":"(anonymous_9)","decl":{"start":{"line":60,"column":45},"end":{"line":60,"column":46}},"loc":{"start":{"line":61,"column":12},"end":{"line":63,"column":69}},"line":61},"10":{"name":"(anonymous_10)","decl":{"start":{"line":61,"column":19},"end":{"line":61,"column":20}},"loc":{"start":{"line":62,"column":16},"end":{"line":62,"column":51}},"line":62},"11":{"name":"(anonymous_11)","decl":{"start":{"line":66,"column":44},"end":{"line":66,"column":45}},"loc":{"start":{"line":66,"column":56},"end":{"line":72,"column":9}},"line":66},"12":{"name":"(anonymous_12)","decl":{"start":{"line":74,"column":41},"end":{"line":74,"column":42}},"loc":{"start":{"line":74,"column":53},"end":{"line":83,"column":9}},"line":74},"13":{"name":"(anonymous_13)","decl":{"start":{"line":86,"column":10},"end":{"line":86,"column":11}},"loc":{"start":{"line":86,"column":16},"end":{"line":86,"column":37}},"line":86}},"branchMap":{},"s":{"0":1,"1":1,"2":1,"3":1,"4":1,"5":1,"6":1,"7":1,"8":1,"9":1,"10":1,"11":1,"12":1,"13":15,"14":1,"15":5,"16":5,"17":5,"18":5,"19":5,"20":5,"21":5,"22":5,"23":5,"24":5,"25":5,"26":5,"27":5,"28":5,"29":5,"30":5,"31":5,"32":5,"33":5,"34":1,"35":1,"36":1,"37":1,"38":1,"39":1,"40":1,"41":1,"42":1,"43":1,"44":1,"45":1,"46":1,"47":1,"48":1,"49":1,"50":1,"51":1,"52":1,"53":1,"54":1},"f":{"0":1,"1":1,"2":1,"3":15,"4":5,"5":1,"6":1,"7":1,"8":1,"9":1,"10":1,"11":1,"12":1,"13":1},"b":{},"_coverageSchema":"43e27e138ebf9cfc5966b082cf9a028302ed4184","hash":"be54bc9768f19217e18af4a225301b024d35ac19","contentHash":"d2069ffa66db3678464bccc12f56938bc1e12562baecd70ce964103f44c4a1d6"},"E:\\Skylab\\bootcamp\\collab\\skylab-bootcamp-201907\\staff\\christian-haag\\wody-app\\wody-api\\logic\\movement\\tooglefavworkout\\index.spec.js":{"path":"E:\\Skylab\\bootcamp\\collab\\skylab-bootcamp-201907\\staff\\christian-haag\\wody-app\\wody-api\\logic\\movement\\tooglefavworkout\\index.spec.js","statementMap":{"0":{"start":{"line":1,"column":19},"end":{"line":1,"column":34}},"1":{"start":{"line":2,"column":14},"end":{"line":2,"column":30}},"2":{"start":{"line":3,"column":38},"end":{"line":3,"column":58}},"3":{"start":{"line":4,"column":17},"end":{"line":4,"column":36}},"4":{"start":{"line":5,"column":26},"end":{"line":5,"column":30}},"5":{"start":{"line":8,"column":0},"end":{"line":132,"column":2}},"6":{"start":{"line":9,"column":4},"end":{"line":9,"column":101}},"7":{"start":{"line":9,"column":17},"end":{"line":9,"column":100}},"8":{"start":{"line":12,"column":4},"end":{"line":128,"column":6}},"9":{"start":{"line":16,"column":27},"end":{"line":16,"column":45}},"10":{"start":{"line":17,"column":31},"end":{"line":17,"column":53}},"11":{"start":{"line":18,"column":25},"end":{"line":18,"column":48}},"12":{"start":{"line":19,"column":19},"end":{"line":19,"column":60}},"13":{"start":{"line":19,"column":30},"end":{"line":19,"column":60}},"14":{"start":{"line":21,"column":8},"end":{"line":40,"column":10}},"15":{"start":{"line":22,"column":12},"end":{"line":22,"column":37}},"16":{"start":{"line":23,"column":12},"end":{"line":23,"column":43}},"17":{"start":{"line":24,"column":12},"end":{"line":24,"column":50}},"18":{"start":{"line":25,"column":12},"end":{"line":25,"column":45}},"19":{"start":{"line":26,"column":12},"end":{"line":26,"column":33}},"20":{"start":{"line":27,"column":12},"end":{"line":27,"column":53}},"21":{"start":{"line":28,"column":12},"end":{"line":28,"column":67}},"22":{"start":{"line":29,"column":12},"end":{"line":29,"column":54}},"23":{"start":{"line":30,"column":12},"end":{"line":30,"column":35}},"24":{"start":{"line":31,"column":12},"end":{"line":31,"column":60}},"25":{"start":{"line":32,"column":12},"end":{"line":32,"column":60}},"26":{"start":{"line":34,"column":12},"end":{"line":34,"column":35}},"27":{"start":{"line":35,"column":12},"end":{"line":35,"column":38}},"28":{"start":{"line":36,"column":25},"end":{"line":36,"column":147}},"29":{"start":{"line":37,"column":12},"end":{"line":37,"column":28}},"30":{"start":{"line":38,"column":12},"end":{"line":38,"column":60}},"31":{"start":{"line":42,"column":8},"end":{"line":46,"column":9}},"32":{"start":{"line":43,"column":12},"end":{"line":45,"column":53}},"33":{"start":{"line":44,"column":16},"end":{"line":44,"column":44}},"34":{"start":{"line":48,"column":8},"end":{"line":52,"column":9}},"35":{"start":{"line":49,"column":12},"end":{"line":51,"column":72}},"36":{"start":{"line":50,"column":16},"end":{"line":50,"column":51}},"37":{"start":{"line":54,"column":8},"end":{"line":58,"column":9}},"38":{"start":{"line":55,"column":12},"end":{"line":57,"column":72}},"39":{"start":{"line":56,"column":16},"end":{"line":56,"column":51}},"40":{"start":{"line":60,"column":8},"end":{"line":66,"column":10}},"41":{"start":{"line":61,"column":12},"end":{"line":65,"column":13}},"42":{"start":{"line":62,"column":16},"end":{"line":62,"column":74}},"43":{"start":{"line":64,"column":16},"end":{"line":64,"column":66}},"44":{"start":{"line":68,"column":8},"end":{"line":72,"column":9}},"45":{"start":{"line":69,"column":12},"end":{"line":71,"column":50}},"46":{"start":{"line":70,"column":16},"end":{"line":70,"column":47}},"47":{"start":{"line":74,"column":8},"end":{"line":78,"column":9}},"48":{"start":{"line":75,"column":12},"end":{"line":77,"column":69}},"49":{"start":{"line":76,"column":16},"end":{"line":76,"column":54}},"50":{"start":{"line":80,"column":8},"end":{"line":84,"column":9}},"51":{"start":{"line":81,"column":12},"end":{"line":83,"column":69}},"52":{"start":{"line":82,"column":16},"end":{"line":82,"column":54}},"53":{"start":{"line":86,"column":8},"end":{"line":92,"column":10}},"54":{"start":{"line":87,"column":12},"end":{"line":91,"column":13}},"55":{"start":{"line":88,"column":16},"end":{"line":88,"column":74}},"56":{"start":{"line":90,"column":16},"end":{"line":90,"column":66}},"57":{"start":{"line":94,"column":8},"end":{"line":100,"column":10}},"58":{"start":{"line":95,"column":12},"end":{"line":99,"column":13}},"59":{"start":{"line":96,"column":16},"end":{"line":96,"column":77}},"60":{"start":{"line":98,"column":16},"end":{"line":98,"column":63}},"61":{"start":{"line":102,"column":8},"end":{"line":113,"column":10}},"62":{"start":{"line":103,"column":12},"end":{"line":103,"column":53}},"63":{"start":{"line":105,"column":25},"end":{"line":105,"column":59}},"64":{"start":{"line":106,"column":12},"end":{"line":106,"column":20}},"65":{"start":{"line":107,"column":12},"end":{"line":107,"column":33}},"66":{"start":{"line":109,"column":49},"end":{"line":109,"column":53}},"67":{"start":{"line":111,"column":12},"end":{"line":111,"column":31}},"68":{"start":{"line":115,"column":8},"end":{"line":125,"column":10}},"69":{"start":{"line":116,"column":12},"end":{"line":116,"column":108}},"70":{"start":{"line":117,"column":12},"end":{"line":117,"column":53}},"71":{"start":{"line":118,"column":25},"end":{"line":118,"column":59}},"72":{"start":{"line":120,"column":12},"end":{"line":120,"column":33}},"73":{"start":{"line":122,"column":49},"end":{"line":122,"column":53}},"74":{"start":{"line":124,"column":12},"end":{"line":124,"column":32}},"75":{"start":{"line":130,"column":4},"end":{"line":130,"column":38}},"76":{"start":{"line":130,"column":16},"end":{"line":130,"column":37}}},"fnMap":{"0":{"name":"(anonymous_0)","decl":{"start":{"line":8,"column":30},"end":{"line":8,"column":31}},"loc":{"start":{"line":8,"column":36},"end":{"line":132,"column":1}},"line":8},"1":{"name":"(anonymous_1)","decl":{"start":{"line":9,"column":11},"end":{"line":9,"column":12}},"loc":{"start":{"line":9,"column":17},"end":{"line":9,"column":100}},"line":9},"2":{"name":"(anonymous_2)","decl":{"start":{"line":12,"column":53},"end":{"line":12,"column":54}},"loc":{"start":{"line":12,"column":59},"end":{"line":128,"column":5}},"line":12},"3":{"name":"(anonymous_3)","decl":{"start":{"line":19,"column":19},"end":{"line":19,"column":20}},"loc":{"start":{"line":19,"column":30},"end":{"line":19,"column":60}},"line":19},"4":{"name":"(anonymous_4)","decl":{"start":{"line":21,"column":19},"end":{"line":21,"column":20}},"loc":{"start":{"line":21,"column":31},"end":{"line":40,"column":9}},"line":21},"5":{"name":"(anonymous_5)","decl":{"start":{"line":42,"column":45},"end":{"line":42,"column":46}},"loc":{"start":{"line":43,"column":12},"end":{"line":45,"column":53}},"line":43},"6":{"name":"(anonymous_6)","decl":{"start":{"line":43,"column":19},"end":{"line":43,"column":20}},"loc":{"start":{"line":44,"column":16},"end":{"line":44,"column":44}},"line":44},"7":{"name":"(anonymous_7)","decl":{"start":{"line":48,"column":49},"end":{"line":48,"column":50}},"loc":{"start":{"line":49,"column":12},"end":{"line":51,"column":72}},"line":49},"8":{"name":"(anonymous_8)","decl":{"start":{"line":49,"column":19},"end":{"line":49,"column":20}},"loc":{"start":{"line":50,"column":16},"end":{"line":50,"column":51}},"line":50},"9":{"name":"(anonymous_9)","decl":{"start":{"line":54,"column":45},"end":{"line":54,"column":46}},"loc":{"start":{"line":55,"column":12},"end":{"line":57,"column":72}},"line":55},"10":{"name":"(anonymous_10)","decl":{"start":{"line":55,"column":19},"end":{"line":55,"column":20}},"loc":{"start":{"line":56,"column":16},"end":{"line":56,"column":51}},"line":56},"11":{"name":"(anonymous_11)","decl":{"start":{"line":60,"column":47},"end":{"line":60,"column":48}},"loc":{"start":{"line":60,"column":59},"end":{"line":66,"column":9}},"line":60},"12":{"name":"(anonymous_12)","decl":{"start":{"line":68,"column":42},"end":{"line":68,"column":43}},"loc":{"start":{"line":69,"column":12},"end":{"line":71,"column":50}},"line":69},"13":{"name":"(anonymous_13)","decl":{"start":{"line":69,"column":19},"end":{"line":69,"column":20}},"loc":{"start":{"line":70,"column":16},"end":{"line":70,"column":47}},"line":70},"14":{"name":"(anonymous_14)","decl":{"start":{"line":74,"column":46},"end":{"line":74,"column":47}},"loc":{"start":{"line":75,"column":12},"end":{"line":77,"column":69}},"line":75},"15":{"name":"(anonymous_15)","decl":{"start":{"line":75,"column":19},"end":{"line":75,"column":20}},"loc":{"start":{"line":76,"column":16},"end":{"line":76,"column":54}},"line":76},"16":{"name":"(anonymous_16)","decl":{"start":{"line":80,"column":45},"end":{"line":80,"column":46}},"loc":{"start":{"line":81,"column":12},"end":{"line":83,"column":69}},"line":81},"17":{"name":"(anonymous_17)","decl":{"start":{"line":81,"column":19},"end":{"line":81,"column":20}},"loc":{"start":{"line":82,"column":16},"end":{"line":82,"column":54}},"line":82},"18":{"name":"(anonymous_18)","decl":{"start":{"line":86,"column":47},"end":{"line":86,"column":48}},"loc":{"start":{"line":86,"column":59},"end":{"line":92,"column":9}},"line":86},"19":{"name":"(anonymous_19)","decl":{"start":{"line":94,"column":44},"end":{"line":94,"column":45}},"loc":{"start":{"line":94,"column":56},"end":{"line":100,"column":9}},"line":94},"20":{"name":"(anonymous_20)","decl":{"start":{"line":102,"column":33},"end":{"line":102,"column":34}},"loc":{"start":{"line":102,"column":45},"end":{"line":113,"column":9}},"line":102},"21":{"name":"(anonymous_21)","decl":{"start":{"line":115,"column":38},"end":{"line":115,"column":39}},"loc":{"start":{"line":115,"column":50},"end":{"line":125,"column":9}},"line":115},"22":{"name":"(anonymous_22)","decl":{"start":{"line":130,"column":10},"end":{"line":130,"column":11}},"loc":{"start":{"line":130,"column":16},"end":{"line":130,"column":37}},"line":130}},"branchMap":{},"s":{"0":1,"1":1,"2":1,"3":1,"4":1,"5":1,"6":1,"7":1,"8":1,"9":1,"10":1,"11":1,"12":1,"13":33,"14":1,"15":11,"16":11,"17":11,"18":11,"19":11,"20":11,"21":11,"22":11,"23":11,"24":11,"25":11,"26":11,"27":11,"28":11,"29":11,"30":11,"31":1,"32":1,"33":1,"34":1,"35":1,"36":1,"37":1,"38":1,"39":1,"40":1,"41":1,"42":1,"43":1,"44":1,"45":1,"46":1,"47":1,"48":1,"49":1,"50":1,"51":1,"52":1,"53":1,"54":1,"55":1,"56":1,"57":1,"58":1,"59":1,"60":1,"61":1,"62":1,"63":1,"64":1,"65":1,"66":1,"67":1,"68":1,"69":1,"70":1,"71":1,"72":1,"73":1,"74":1,"75":1,"76":1},"f":{"0":1,"1":1,"2":1,"3":33,"4":11,"5":1,"6":1,"7":1,"8":1,"9":1,"10":1,"11":1,"12":1,"13":1,"14":1,"15":1,"16":1,"17":1,"18":1,"19":1,"20":1,"21":1,"22":1},"b":{},"_coverageSchema":"43e27e138ebf9cfc5966b082cf9a028302ed4184","hash":"b3503af9d4f4946fa4916116e644c94dae1529ba","contentHash":"9625e6213ea1c7eeaa63f22ece91fa8f1514ceea9f5afbf69c65c64d7ea10aa2"},"E:\\Skylab\\bootcamp\\collab\\skylab-bootcamp-201907\\staff\\christian-haag\\wody-app\\wody-api\\logic\\user\\authenticate\\index.spec.js":{"path":"E:\\Skylab\\bootcamp\\collab\\skylab-bootcamp-201907\\staff\\christian-haag\\wody-app\\wody-api\\logic\\user\\authenticate\\index.spec.js","statementMap":{"0":{"start":{"line":1,"column":19},"end":{"line":1,"column":34}},"1":{"start":{"line":2,"column":14},"end":{"line":2,"column":32}},"2":{"start":{"line":3,"column":29},"end":{"line":3,"column":49}},"3":{"start":{"line":4,"column":17},"end":{"line":4,"column":36}},"4":{"start":{"line":5,"column":26},"end":{"line":5,"column":30}},"5":{"start":{"line":6,"column":15},"end":{"line":6,"column":34}},"6":{"start":{"line":9,"column":0},"end":{"line":91,"column":2}},"7":{"start":{"line":10,"column":4},"end":{"line":10,"column":101}},"8":{"start":{"line":10,"column":17},"end":{"line":10,"column":100}},"9":{"start":{"line":14,"column":23},"end":{"line":14,"column":41}},"10":{"start":{"line":15,"column":27},"end":{"line":15,"column":49}},"11":{"start":{"line":16,"column":21},"end":{"line":16,"column":44}},"12":{"start":{"line":17,"column":15},"end":{"line":17,"column":56}},"13":{"start":{"line":17,"column":26},"end":{"line":17,"column":56}},"14":{"start":{"line":19,"column":4},"end":{"line":35,"column":6}},"15":{"start":{"line":20,"column":8},"end":{"line":20,"column":33}},"16":{"start":{"line":21,"column":8},"end":{"line":21,"column":39}},"17":{"start":{"line":22,"column":8},"end":{"line":22,"column":46}},"18":{"start":{"line":23,"column":8},"end":{"line":23,"column":41}},"19":{"start":{"line":24,"column":8},"end":{"line":24,"column":49}},"20":{"start":{"line":25,"column":8},"end":{"line":25,"column":63}},"21":{"start":{"line":26,"column":8},"end":{"line":26,"column":43}},"22":{"start":{"line":27,"column":8},"end":{"line":27,"column":31}},"23":{"start":{"line":28,"column":8},"end":{"line":28,"column":56}},"24":{"start":{"line":29,"column":8},"end":{"line":29,"column":56}},"25":{"start":{"line":31,"column":8},"end":{"line":31,"column":31}},"26":{"start":{"line":32,"column":21},"end":{"line":32,"column":52}},"27":{"start":{"line":33,"column":21},"end":{"line":33,"column":134}},"28":{"start":{"line":34,"column":8},"end":{"line":34,"column":20}},"29":{"start":{"line":38,"column":4},"end":{"line":42,"column":5}},"30":{"start":{"line":39,"column":8},"end":{"line":41,"column":70}},"31":{"start":{"line":40,"column":12},"end":{"line":40,"column":55}},"32":{"start":{"line":45,"column":4},"end":{"line":49,"column":5}},"33":{"start":{"line":46,"column":8},"end":{"line":48,"column":48}},"34":{"start":{"line":47,"column":12},"end":{"line":47,"column":45}},"35":{"start":{"line":51,"column":4},"end":{"line":55,"column":5}},"36":{"start":{"line":52,"column":8},"end":{"line":54,"column":67}},"37":{"start":{"line":53,"column":12},"end":{"line":53,"column":52}},"38":{"start":{"line":57,"column":4},"end":{"line":61,"column":5}},"39":{"start":{"line":58,"column":8},"end":{"line":60,"column":67}},"40":{"start":{"line":59,"column":12},"end":{"line":59,"column":52}},"41":{"start":{"line":63,"column":4},"end":{"line":69,"column":6}},"42":{"start":{"line":64,"column":20},"end":{"line":64,"column":65}},"43":{"start":{"line":66,"column":8},"end":{"line":66,"column":28}},"44":{"start":{"line":67,"column":8},"end":{"line":67,"column":37}},"45":{"start":{"line":68,"column":8},"end":{"line":68,"column":32}},"46":{"start":{"line":72,"column":4},"end":{"line":79,"column":6}},"47":{"start":{"line":73,"column":25},"end":{"line":73,"column":50}},"48":{"start":{"line":74,"column":8},"end":{"line":78,"column":9}},"49":{"start":{"line":75,"column":12},"end":{"line":75,"column":60}},"50":{"start":{"line":77,"column":12},"end":{"line":77,"column":57}},"51":{"start":{"line":81,"column":4},"end":{"line":88,"column":6}},"52":{"start":{"line":82,"column":25},"end":{"line":82,"column":35}},"53":{"start":{"line":83,"column":8},"end":{"line":87,"column":9}},"54":{"start":{"line":84,"column":12},"end":{"line":84,"column":57}},"55":{"start":{"line":86,"column":12},"end":{"line":86,"column":57}},"56":{"start":{"line":90,"column":4},"end":{"line":90,"column":38}},"57":{"start":{"line":90,"column":16},"end":{"line":90,"column":37}}},"fnMap":{"0":{"name":"(anonymous_0)","decl":{"start":{"line":9,"column":38},"end":{"line":9,"column":39}},"loc":{"start":{"line":9,"column":44},"end":{"line":91,"column":1}},"line":9},"1":{"name":"(anonymous_1)","decl":{"start":{"line":10,"column":11},"end":{"line":10,"column":12}},"loc":{"start":{"line":10,"column":17},"end":{"line":10,"column":100}},"line":10},"2":{"name":"(anonymous_2)","decl":{"start":{"line":17,"column":15},"end":{"line":17,"column":16}},"loc":{"start":{"line":17,"column":26},"end":{"line":17,"column":56}},"line":17},"3":{"name":"(anonymous_3)","decl":{"start":{"line":19,"column":15},"end":{"line":19,"column":16}},"loc":{"start":{"line":19,"column":27},"end":{"line":35,"column":5}},"line":19},"4":{"name":"(anonymous_4)","decl":{"start":{"line":38,"column":38},"end":{"line":38,"column":39}},"loc":{"start":{"line":39,"column":8},"end":{"line":41,"column":70}},"line":39},"5":{"name":"(anonymous_5)","decl":{"start":{"line":39,"column":15},"end":{"line":39,"column":16}},"loc":{"start":{"line":40,"column":12},"end":{"line":40,"column":55}},"line":40},"6":{"name":"(anonymous_6)","decl":{"start":{"line":45,"column":40},"end":{"line":45,"column":41}},"loc":{"start":{"line":46,"column":8},"end":{"line":48,"column":48}},"line":46},"7":{"name":"(anonymous_7)","decl":{"start":{"line":46,"column":15},"end":{"line":46,"column":16}},"loc":{"start":{"line":47,"column":12},"end":{"line":47,"column":45}},"line":47},"8":{"name":"(anonymous_8)","decl":{"start":{"line":51,"column":44},"end":{"line":51,"column":45}},"loc":{"start":{"line":52,"column":8},"end":{"line":54,"column":67}},"line":52},"9":{"name":"(anonymous_9)","decl":{"start":{"line":52,"column":15},"end":{"line":52,"column":16}},"loc":{"start":{"line":53,"column":12},"end":{"line":53,"column":52}},"line":53},"10":{"name":"(anonymous_10)","decl":{"start":{"line":57,"column":41},"end":{"line":57,"column":42}},"loc":{"start":{"line":58,"column":8},"end":{"line":60,"column":67}},"line":58},"11":{"name":"(anonymous_11)","decl":{"start":{"line":58,"column":15},"end":{"line":58,"column":16}},"loc":{"start":{"line":59,"column":12},"end":{"line":59,"column":52}},"line":59},"12":{"name":"(anonymous_12)","decl":{"start":{"line":63,"column":41},"end":{"line":63,"column":42}},"loc":{"start":{"line":63,"column":53},"end":{"line":69,"column":5}},"line":63},"13":{"name":"(anonymous_13)","decl":{"start":{"line":72,"column":44},"end":{"line":72,"column":45}},"loc":{"start":{"line":72,"column":56},"end":{"line":79,"column":5}},"line":72},"14":{"name":"(anonymous_14)","decl":{"start":{"line":81,"column":47},"end":{"line":81,"column":48}},"loc":{"start":{"line":81,"column":59},"end":{"line":88,"column":5}},"line":81},"15":{"name":"(anonymous_15)","decl":{"start":{"line":90,"column":10},"end":{"line":90,"column":11}},"loc":{"start":{"line":90,"column":16},"end":{"line":90,"column":37}},"line":90}},"branchMap":{},"s":{"0":1,"1":1,"2":1,"3":1,"4":1,"5":1,"6":1,"7":1,"8":1,"9":1,"10":1,"11":1,"12":1,"13":21,"14":1,"15":7,"16":7,"17":7,"18":7,"19":7,"20":7,"21":7,"22":7,"23":7,"24":7,"25":7,"26":7,"27":7,"28":7,"29":1,"30":1,"31":1,"32":1,"33":1,"34":1,"35":1,"36":1,"37":1,"38":1,"39":1,"40":1,"41":1,"42":1,"43":1,"44":1,"45":1,"46":1,"47":1,"48":1,"49":1,"50":1,"51":1,"52":1,"53":1,"54":1,"55":1,"56":1,"57":1},"f":{"0":1,"1":1,"2":21,"3":7,"4":1,"5":1,"6":1,"7":1,"8":1,"9":1,"10":1,"11":1,"12":1,"13":1,"14":1,"15":1},"b":{},"_coverageSchema":"43e27e138ebf9cfc5966b082cf9a028302ed4184","hash":"2c22140107d1f6343b9ca77a5e9eecc117ed03b9","contentHash":"6e1de70cb10a4c199b8a8d8e3d1b293eadc799f31ece500ee41bf8e8538fef73"},"E:\\Skylab\\bootcamp\\collab\\skylab-bootcamp-201907\\staff\\christian-haag\\wody-app\\wody-api\\logic\\user\\register\\index.spec.js":{"path":"E:\\Skylab\\bootcamp\\collab\\skylab-bootcamp-201907\\staff\\christian-haag\\wody-app\\wody-api\\logic\\user\\register\\index.spec.js","statementMap":{"0":{"start":{"line":1,"column":19},"end":{"line":1,"column":34}},"1":{"start":{"line":2,"column":15},"end":{"line":2,"column":34}},"2":{"start":{"line":3,"column":14},"end":{"line":3,"column":32}},"3":{"start":{"line":4,"column":29},"end":{"line":4,"column":49}},"4":{"start":{"line":5,"column":17},"end":{"line":5,"column":36}},"5":{"start":{"line":6,"column":26},"end":{"line":6,"column":30}},"6":{"start":{"line":8,"column":0},"end":{"line":202,"column":2}},"7":{"start":{"line":9,"column":4},"end":{"line":9,"column":101}},"8":{"start":{"line":9,"column":17},"end":{"line":9,"column":100}},"9":{"start":{"line":13,"column":23},"end":{"line":13,"column":41}},"10":{"start":{"line":14,"column":27},"end":{"line":14,"column":49}},"11":{"start":{"line":15,"column":21},"end":{"line":15,"column":44}},"12":{"start":{"line":16,"column":15},"end":{"line":16,"column":56}},"13":{"start":{"line":16,"column":26},"end":{"line":16,"column":56}},"14":{"start":{"line":18,"column":4},"end":{"line":32,"column":6}},"15":{"start":{"line":19,"column":8},"end":{"line":19,"column":33}},"16":{"start":{"line":20,"column":8},"end":{"line":20,"column":39}},"17":{"start":{"line":21,"column":8},"end":{"line":21,"column":46}},"18":{"start":{"line":22,"column":8},"end":{"line":22,"column":43}},"19":{"start":{"line":23,"column":8},"end":{"line":23,"column":29}},"20":{"start":{"line":24,"column":8},"end":{"line":24,"column":49}},"21":{"start":{"line":25,"column":8},"end":{"line":25,"column":63}},"22":{"start":{"line":26,"column":8},"end":{"line":26,"column":43}},"23":{"start":{"line":27,"column":8},"end":{"line":27,"column":31}},"24":{"start":{"line":28,"column":8},"end":{"line":28,"column":56}},"25":{"start":{"line":29,"column":8},"end":{"line":29,"column":56}},"26":{"start":{"line":31,"column":8},"end":{"line":31,"column":31}},"27":{"start":{"line":36,"column":4},"end":{"line":40,"column":5}},"28":{"start":{"line":37,"column":8},"end":{"line":39,"column":44}},"29":{"start":{"line":38,"column":12},"end":{"line":38,"column":114}},"30":{"start":{"line":42,"column":4},"end":{"line":46,"column":5}},"31":{"start":{"line":43,"column":8},"end":{"line":45,"column":63}},"32":{"start":{"line":44,"column":12},"end":{"line":44,"column":121}},"33":{"start":{"line":48,"column":4},"end":{"line":52,"column":5}},"34":{"start":{"line":49,"column":8},"end":{"line":51,"column":63}},"35":{"start":{"line":50,"column":12},"end":{"line":50,"column":121}},"36":{"start":{"line":56,"column":4},"end":{"line":60,"column":5}},"37":{"start":{"line":57,"column":8},"end":{"line":59,"column":47}},"38":{"start":{"line":58,"column":12},"end":{"line":58,"column":111}},"39":{"start":{"line":62,"column":4},"end":{"line":66,"column":5}},"40":{"start":{"line":63,"column":8},"end":{"line":65,"column":66}},"41":{"start":{"line":64,"column":12},"end":{"line":64,"column":118}},"42":{"start":{"line":68,"column":4},"end":{"line":72,"column":5}},"43":{"start":{"line":69,"column":8},"end":{"line":71,"column":66}},"44":{"start":{"line":70,"column":12},"end":{"line":70,"column":118}},"45":{"start":{"line":75,"column":4},"end":{"line":79,"column":5}},"46":{"start":{"line":76,"column":8},"end":{"line":78,"column":45}},"47":{"start":{"line":77,"column":12},"end":{"line":77,"column":113}},"48":{"start":{"line":81,"column":4},"end":{"line":85,"column":5}},"49":{"start":{"line":82,"column":8},"end":{"line":84,"column":64}},"50":{"start":{"line":83,"column":12},"end":{"line":83,"column":120}},"51":{"start":{"line":87,"column":4},"end":{"line":91,"column":5}},"52":{"start":{"line":88,"column":8},"end":{"line":90,"column":64}},"53":{"start":{"line":89,"column":12},"end":{"line":89,"column":120}},"54":{"start":{"line":94,"column":4},"end":{"line":98,"column":5}},"55":{"start":{"line":95,"column":8},"end":{"line":97,"column":48}},"56":{"start":{"line":96,"column":12},"end":{"line":96,"column":110}},"57":{"start":{"line":100,"column":4},"end":{"line":104,"column":5}},"58":{"start":{"line":101,"column":8},"end":{"line":103,"column":67}},"59":{"start":{"line":102,"column":12},"end":{"line":102,"column":117}},"60":{"start":{"line":106,"column":4},"end":{"line":110,"column":5}},"61":{"start":{"line":107,"column":8},"end":{"line":109,"column":67}},"62":{"start":{"line":108,"column":12}
[...]
:{"name":"(anonymous_3)","decl":{"start":{"line":17,"column":15},"end":{"line":17,"column":16}},"loc":{"start":{"line":17,"column":27},"end":{"line":33,"column":5}},"line":17},"4":{"name":"(anonymous_4)","decl":{"start":{"line":35,"column":34},"end":{"line":35,"column":35}},"loc":{"start":{"line":36,"column":8},"end":{"line":38,"column":42}},"line":36},"5":{"name":"(anonymous_5)","decl":{"start":{"line":36,"column":15},"end":{"line":36,"column":16}},"loc":{"start":{"line":37,"column":12},"end":{"line":37,"column":34}},"line":37},"6":{"name":"(anonymous_6)","decl":{"start":{"line":41,"column":38},"end":{"line":41,"column":39}},"loc":{"start":{"line":42,"column":8},"end":{"line":44,"column":61}},"line":42},"7":{"name":"(anonymous_7)","decl":{"start":{"line":42,"column":15},"end":{"line":42,"column":16}},"loc":{"start":{"line":43,"column":12},"end":{"line":43,"column":41}},"line":43},"8":{"name":"(anonymous_8)","decl":{"start":{"line":47,"column":41},"end":{"line":47,"column":42}},"loc":{"start":{"line":48,"column":8},"end":{"line":50,"column":61}},"line":48},"9":{"name":"(anonymous_9)","decl":{"start":{"line":48,"column":15},"end":{"line":48,"column":16}},"loc":{"start":{"line":49,"column":12},"end":{"line":49,"column":41}},"line":49},"10":{"name":"(anonymous_10)","decl":{"start":{"line":53,"column":40},"end":{"line":53,"column":41}},"loc":{"start":{"line":53,"column":52},"end":{"line":59,"column":5}},"line":53},"11":{"name":"(anonymous_11)","decl":{"start":{"line":61,"column":41},"end":{"line":61,"column":42}},"loc":{"start":{"line":61,"column":53},"end":{"line":78,"column":5}},"line":61},"12":{"name":"(anonymous_12)","decl":{"start":{"line":80,"column":10},"end":{"line":80,"column":11}},"loc":{"start":{"line":80,"column":16},"end":{"line":80,"column":37}},"line":80}},"branchMap":{},"s":{"0":1,"1":1,"2":1,"3":1,"4":1,"5":1,"6":1,"7":1,"8":1,"9":1,"10":1,"11":1,"12":15,"13":1,"14":5,"15":5,"16":5,"17":5,"18":5,"19":5,"20":5,"21":5,"22":5,"23":5,"24":5,"25":5,"26":5,"27":5,"28":1,"29":1,"30":1,"31":1,"32":1,"33":1,"34":1,"35":1,"36":1,"37":1,"38":1,"39":1,"40":1,"41":1,"42":1,"43":1,"44":1,"45":1,"46":1,"47":1,"48":1,"49":1,"50":1,"51":1,"52":1,"53":1,"54":1,"55":1,"56":1,"57":1},"f":{"0":1,"1":1,"2":15,"3":5,"4":1,"5":1,"6":1,"7":1,"8":1,"9":1,"10":1,"11":1,"12":1},"b":{},"_coverageSchema":"43e27e138ebf9cfc5966b082cf9a028302ed4184","hash":"cfd29580235b60d5f7eacfa47e6f3c10771f45fd","contentHash":"36665907d05cc30a8ce3b907021a379a9de2b447cef13c31016f0514137334e9"},"E:\\Skylab\\bootcamp\\collab\\skylab-bootcamp-201907\\staff\\christian-haag\\wody-app\\wody-api\\logic\\user\\unregister\\index.spec.js":{"path":"E:\\Skylab\\bootcamp\\collab\\skylab-bootcamp-201907\\staff\\christian-haag\\wody-app\\wody-api\\logic\\user\\unregister\\index.spec.js","statementMap":{"0":{"start":{"line":1,"column":19},"end":{"line":1,"column":34}},"1":{"start":{"line":2,"column":14},"end":{"line":2,"column":32}},"2":{"start":{"line":3,"column":29},"end":{"line":3,"column":49}},"3":{"start":{"line":4,"column":17},"end":{"line":4,"column":36}},"4":{"start":{"line":5,"column":26},"end":{"line":5,"column":30}},"5":{"start":{"line":6,"column":15},"end":{"line":6,"column":34}},"6":{"start":{"line":8,"column":0},"end":{"line":101,"column":2}},"7":{"start":{"line":9,"column":4},"end":{"line":9,"column":101}},"8":{"start":{"line":9,"column":17},"end":{"line":9,"column":100}},"9":{"start":{"line":13,"column":23},"end":{"line":13,"column":41}},"10":{"start":{"line":14,"column":27},"end":{"line":14,"column":49}},"11":{"start":{"line":15,"column":21},"end":{"line":15,"column":44}},"12":{"start":{"line":16,"column":15},"end":{"line":16,"column":56}},"13":{"start":{"line":16,"column":26},"end":{"line":16,"column":56}},"14":{"start":{"line":18,"column":4},"end":{"line":35,"column":6}},"15":{"start":{"line":19,"column":8},"end":{"line":19,"column":33}},"16":{"start":{"line":20,"column":8},"end":{"line":20,"column":39}},"17":{"start":{"line":21,"column":8},"end":{"line":21,"column":46}},"18":{"start":{"line":22,"column":8},"end":{"line":22,"column":41}},"19":{"start":{"line":23,"column":8},"end":{"line":23,"column":29}},"20":{"start":{"line":24,"column":8},"end":{"line":24,"column":49}},"21":{"start":{"line":25,"column":8},"end":{"line":25,"column":63}},"22":{"start":{"line":26,"column":8},"end":{"line":26,"column":43}},"23":{"start":{"line":27,"column":8},"end":{"line":27,"column":31}},"24":{"start":{"line":28,"column":8},"end":{"line":28,"column":56}},"25":{"start":{"line":29,"column":8},"end":{"line":29,"column":56}},"26":{"start":{"line":31,"column":8},"end":{"line":31,"column":31}},"27":{"start":{"line":32,"column":21},"end":{"line":32,"column":52}},"28":{"start":{"line":33,"column":21},"end":{"line":33,"column":134}},"29":{"start":{"line":34,"column":8},"end":{"line":34,"column":20}},"30":{"start":{"line":37,"column":4},"end":{"line":41,"column":5}},"31":{"start":{"line":38,"column":8},"end":{"line":40,"column":42}},"32":{"start":{"line":39,"column":12},"end":{"line":39,"column":46}},"33":{"start":{"line":43,"column":4},"end":{"line":47,"column":5}},"34":{"start":{"line":44,"column":8},"end":{"line":46,"column":61}},"35":{"start":{"line":45,"column":12},"end":{"line":45,"column":53}},"36":{"start":{"line":49,"column":4},"end":{"line":53,"column":5}},"37":{"start":{"line":50,"column":8},"end":{"line":52,"column":61}},"38":{"start":{"line":51,"column":12},"end":{"line":51,"column":53}},"39":{"start":{"line":55,"column":4},"end":{"line":59,"column":5}},"40":{"start":{"line":56,"column":8},"end":{"line":58,"column":48}},"41":{"start":{"line":57,"column":12},"end":{"line":57,"column":40}},"42":{"start":{"line":61,"column":4},"end":{"line":65,"column":5}},"43":{"start":{"line":62,"column":8},"end":{"line":64,"column":67}},"44":{"start":{"line":63,"column":12},"end":{"line":63,"column":47}},"45":{"start":{"line":67,"column":4},"end":{"line":71,"column":5}},"46":{"start":{"line":68,"column":8},"end":{"line":70,"column":67}},"47":{"start":{"line":69,"column":12},"end":{"line":69,"column":47}},"48":{"start":{"line":74,"column":4},"end":{"line":81,"column":6}},"49":{"start":{"line":75,"column":8},"end":{"line":75,"column":48}},"50":{"start":{"line":77,"column":21},"end":{"line":77,"column":53}},"51":{"start":{"line":79,"column":8},"end":{"line":79,"column":33}},"52":{"start":{"line":83,"column":4},"end":{"line":89,"column":6}},"53":{"start":{"line":84,"column":8},"end":{"line":88,"column":9}},"54":{"start":{"line":85,"column":12},"end":{"line":85,"column":76}},"55":{"start":{"line":87,"column":12},"end":{"line":87,"column":57}},"56":{"start":{"line":91,"column":4},"end":{"line":98,"column":6}},"57":{"start":{"line":92,"column":8},"end":{"line":97,"column":9}},"58":{"start":{"line":93,"column":12},"end":{"line":93,"column":60}},"59":{"start":{"line":95,"column":12},"end":{"line":95,"column":57}},"60":{"start":{"line":100,"column":4},"end":{"line":100,"column":38}},"61":{"start":{"line":100,"column":16},"end":{"line":100,"column":37}}},"fnMap":{"0":{"name":"(anonymous_0)","decl":{"start":{"line":8,"column":36},"end":{"line":8,"column":37}},"loc":{"start":{"line":8,"column":42},"end":{"line":101,"column":1}},"line":8},"1":{"name":"(anonymous_1)","decl":{"start":{"line":9,"column":11},"end":{"line":9,"column":12}},"loc":{"start":{"line":9,"column":17},"end":{"line":9,"column":100}},"line":9},"2":{"name":"(anonymous_2)","decl":{"start":{"line":16,"column":15},"end":{"line":16,"column":16}},"loc":{"start":{"line":16,"column":26},"end":{"line":16,"column":56}},"line":16},"3":{"name":"(anonymous_3)","decl":{"start":{"line":18,"column":15},"end":{"line":18,"column":16}},"loc":{"start":{"line":18,"column":27},"end":{"line":35,"column":5}},"line":18},"4":{"name":"(anonymous_4)","decl":{"start":{"line":37,"column":34},"end":{"line":37,"column":35}},"loc":{"start":{"line":38,"column":8},"end":{"line":40,"column":42}},"line":38},"5":{"name":"(anonymous_5)","decl":{"start":{"line":38,"column":15},"end":{"line":38,"column":16}},"loc":{"start":{"line":39,"column":12},"end":{"line":39,"column":46}},"line":39},"6":{"name":"(anonymous_6)","decl":{"start":{"line":43,"column":38},"end":{"line":43,"column":39}},"loc":{"start":{"line":44,"column":8},"end":{"line":46,"column":61}},"line":44},"7":{"name":"(anonymous_7)","decl":{"start":{"line":44,"column":15},"end":{"line":44,"column":16}},"loc":{"start":{"line":45,"column":12},"end":{"line":45,"column":53}},"line":45},"8":{"name":"(anonymous_8)","decl":{"start":{"line":49,"column":41},"end":{"line":49,"column":42}},"loc":{"start":{"line":50,"column":8},"end":{"line":52,"column":61}},"line":50},"9":{"name":"(anonymous_9)","decl":{"start":{"line":50,"column":15},"end":{"line":50,"column":16}},"loc":{"start":{"line":51,"column":12},"end":{"line":51,"column":53}},"line":51},"10":{"name":"(anonymous_10)","decl":{"start":{"line":55,"column":40},"end":{"line":55,"column":41}},"loc":{"start":{"line":56,"column":8},"end":{"line":58,"column":48}},"line":56},"11":{"name":"(anonymous_11)","decl":{"start":{"line":56,"column":15},"end":{"line":56,"column":16}},"loc":{"start":{"line":57,"column":12},"end":{"line":57,"column":40}},"line":57},"12":{"name":"(anonymous_12)","decl":{"start":{"line":61,"column":44},"end":{"line":61,"column":45}},"loc":{"start":{"line":62,"column":8},"end":{"line":64,"column":67}},"line":62},"13":{"name":"(anonymous_13)","decl":{"start":{"line":62,"column":15},"end":{"line":62,"column":16}},"loc":{"start":{"line":63,"column":12},"end":{"line":63,"column":47}},"line":63},"14":{"name":"(anonymous_14)","decl":{"start":{"line":67,"column":41},"end":{"line":67,"column":42}},"loc":{"start":{"line":68,"column":8},"end":{"line":70,"column":67}},"line":68},"15":{"name":"(anonymous_15)","decl":{"start":{"line":68,"column":15},"end":{"line":68,"column":16}},"loc":{"start":{"line":69,"column":12},"end":{"line":69,"column":47}},"line":69},"16":{"name":"(anonymous_16)","decl":{"start":{"line":74,"column":41},"end":{"line":74,"column":42}},"loc":{"start":{"line":74,"column":53},"end":{"line":81,"column":5}},"line":74},"17":{"name":"(anonymous_17)","decl":{"start":{"line":83,"column":41},"end":{"line":83,"column":42}},"loc":{"start":{"line":83,"column":53},"end":{"line":89,"column":5}},"line":83},"18":{"name":"(anonymous_18)","decl":{"start":{"line":91,"column":59},"end":{"line":91,"column":60}},"loc":{"start":{"line":91,"column":71},"end":{"line":98,"column":5}},"line":91},"19":{"name":"(anonymous_19)","decl":{"start":{"line":100,"column":10},"end":{"line":100,"column":11}},"loc":{"start":{"line":100,"column":16},"end":{"line":100,"column":37}},"line":100}},"branchMap":{},"s":{"0":1,"1":1,"2":1,"3":1,"4":1,"5":1,"6":1,"7":1,"8":1,"9":1,"10":1,"11":1,"12":1,"13":27,"14":1,"15":9,"16":9,"17":9,"18":9,"19":9,"20":9,"21":9,"22":9,"23":9,"24":9,"25":9,"26":9,"27":9,"28":9,"29":9,"30":1,"31":1,"32":1,"33":1,"34":1,"35":1,"36":1,"37":1,"38":1,"39":1,"40":1,"41":1,"42":1,"43":1,"44":1,"45":1,"46":1,"47":1,"48":1,"49":1,"50":1,"51":1,"52":1,"53":1,"54":1,"55":1,"56":1,"57":1,"58":1,"59":1,"60":1,"61":1},"f":{"0":1,"1":1,"2":27,"3":9,"4":1,"5":1,"6":1,"7":1,"8":1,"9":1,"10":1,"11":1,"12":1,"13":1,"14":1,"15":1,"16":1,"17":1,"18":1,"19":1},"b":{},"_coverageSchema":"43e27e138ebf9cfc5966b082cf9a028302ed4184","hash":"2208a72a1a06cffe07e1af39e0ad68e7b042544e","contentHash":"41fee7f5b20c4f644bc94710ff6fb451ea18e33005cd138b003e946d3c2e7dd9"},"E:\\Skylab\\bootcamp\\collab\\skylab-bootcamp-201907\\staff\\christian-haag\\wody-app\\wody-api\\logic\\user\\update\\index.spec.js":{"path":"E:\\Skylab\\bootcamp\\collab\\skylab-bootcamp-201907\\staff\\christian-haag\\wody-app\\wody-api\\logic\\user\\update\\index.spec.js","statementMap":{"0":{"start":{"line":1,"column":19},"end":{"line":1,"column":34}},"1":{"start":{"line":2,"column":14},"end":{"line":2,"column":32}},"2":{"start":{"line":3,"column":29},"end":{"line":3,"column":49}},"3":{"start":{"line":4,"column":17},"end":{"line":4,"column":36}},"4":{"start":{"line":5,"column":26},"end":{"line":5,"column":30}},"5":{"start":{"line":7,"column":0},"end":{"line":103,"column":2}},"6":{"start":{"line":8,"column":4},"end":{"line":8,"column":101}},"7":{"start":{"line":8,"column":17},"end":{"line":8,"column":100}},"8":{"start":{"line":12,"column":23},"end":{"line":12,"column":41}},"9":{"start":{"line":13,"column":27},"end":{"line":13,"column":49}},"10":{"start":{"line":14,"column":21},"end":{"line":14,"column":44}},"11":{"start":{"line":15,"column":15},"end":{"line":15,"column":56}},"12":{"start":{"line":15,"column":26},"end":{"line":15,"column":56}},"13":{"start":{"line":17,"column":4},"end":{"line":32,"column":6}},"14":{"start":{"line":18,"column":8},"end":{"line":18,"column":33}},"15":{"start":{"line":19,"column":8},"end":{"line":19,"column":39}},"16":{"start":{"line":20,"column":8},"end":{"line":20,"column":46}},"17":{"start":{"line":21,"column":8},"end":{"line":21,"column":41}},"18":{"start":{"line":22,"column":8},"end":{"line":22,"column":49}},"19":{"start":{"line":23,"column":8},"end":{"line":23,"column":63}},"20":{"start":{"line":24,"column":8},"end":{"line":24,"column":43}},"21":{"start":{"line":25,"column":8},"end":{"line":25,"column":31}},"22":{"start":{"line":26,"column":8},"end":{"line":26,"column":56}},"23":{"start":{"line":27,"column":8},"end":{"line":27,"column":56}},"24":{"start":{"line":29,"column":8},"end":{"line":29,"column":31}},"25":{"start":{"line":30,"column":21},"end":{"line":30,"column":128}},"26":{"start":{"line":31,"column":8},"end":{"line":31,"column":20}},"27":{"start":{"line":34,"column":4},"end":{"line":43,"column":6}},"28":{"start":{"line":35,"column":21},"end":{"line":35,"column":49}},"29":{"start":{"line":37,"column":8},"end":{"line":37,"column":29}},"30":{"start":{"line":38,"column":8},"end":{"line":38,"column":36}},"31":{"start":{"line":39,"column":8},"end":{"line":39,"column":44}},"32":{"start":{"line":40,"column":8},"end":{"line":40,"column":42}},"33":{"start":{"line":41,"column":8},"end":{"line":41,"column":56}},"34":{"start":{"line":45,"column":4},"end":{"line":100,"column":6}},"35":{"start":{"line":47,"column":31},"end":{"line":47,"column":53}},"36":{"start":{"line":49,"column":19},"end":{"line":49,"column":60}},"37":{"start":{"line":49,"column":30},"end":{"line":49,"column":60}},"38":{"start":{"line":51,"column":8},"end":{"line":59,"column":10}},"39":{"start":{"line":53,"column":12},"end":{"line":58,"column":13}},"40":{"start":{"line":61,"column":8},"end":{"line":65,"column":9}},"41":{"start":{"line":62,"column":12},"end":{"line":64,"column":46}},"42":{"start":{"line":63,"column":16},"end":{"line":63,"column":36}},"43":{"start":{"line":67,"column":8},"end":{"line":71,"column":9}},"44":{"start":{"line":68,"column":12},"end":{"line":70,"column":65}},"45":{"start":{"line":69,"column":16},"end":{"line":69,"column":43}},"46":{"start":{"line":73,"column":8},"end":{"line":77,"column":9}},"47":{"start":{"line":74,"column":12},"end":{"line":76,"column":65}},"48":{"start":{"line":75,"column":16},"end":{"line":75,"column":43}},"49":{"start":{"line":79,"column":8},"end":{"line":84,"column":10}},"50":{"start":{"line":80,"column":12},"end":{"line":80,"column":49}},"51":{"start":{"line":81,"column":12},"end":{"line":81,"column":55}},"52":{"start":{"line":82,"column":12},"end":{"line":82,"column":48}},"53":{"start":{"line":83,"column":12},"end":{"line":83,"column":51}},"54":{"start":{"line":86,"column":8},"end":{"line":98,"column":10}},"55":{"start":{"line":87,"column":27},"end":{"line":87,"column":59}},"56":{"start":{"line":89,"column":12},"end":{"line":89,"column":39}},"57":{"start":{"line":91,"column":25},"end":{"line":91,"column":48}},"58":{"start":{"line":93,"column":12},"end":{"line":93,"column":33}},"59":{"start":{"line":94,"column":12},"end":{"line":94,"column":53}},"60":{"start":{"line":95,"column":12},"end":{"line":95,"column":65}},"61":{"start":{"line":96,"column":12},"end":{"line":96,"column":51}},"62":{"start":{"line":97,"column":12},"end":{"line":97,"column":57}},"63":{"start":{"line":102,"column":4},"end":{"line":102,"column":38}},"64":{"start":{"line":102,"column":16},"end":{"line":102,"column":37}}},"fnMap":{"0":{"name":"(anonymous_0)","decl":{"start":{"line":7,"column":49},"end":{"line":7,"column":50}},"loc":{"start":{"line":7,"column":55},"end":{"line":103,"column":1}},"line":7},"1":{"name":"(anonymous_1)","decl":{"start":{"line":8,"column":11},"end":{"line":8,"column":12}},"loc":{"start":{"line":8,"column":17},"end":{"line":8,"column":100}},"line":8},"2":{"name":"(anonymous_2)","decl":{"start":{"line":15,"column":15},"end":{"line":15,"column":16}},"loc":{"start":{"line":15,"column":26},"end":{"line":15,"column":56}},"line":15},"3":{"name":"(anonymous_3)","decl":{"start":{"line":17,"column":15},"end":{"line":17,"column":16}},"loc":{"start":{"line":17,"column":27},"end":{"line":32,"column":5}},"line":17},"4":{"name":"(anonymous_4)","decl":{"start":{"line":34,"column":40},"end":{"line":34,"column":41}},"loc":{"start":{"line":34,"column":52},"end":{"line":43,"column":5}},"line":34},"5":{"name":"(anonymous_5)","decl":{"start":{"line":45,"column":47},"end":{"line":45,"column":48}},"loc":{"start":{"line":45,"column":53},"end":{"line":100,"column":5}},"line":45},"6":{"name":"(anonymous_6)","decl":{"start":{"line":49,"column":19},"end":{"line":49,"column":20}},"loc":{"start":{"line":49,"column":30},"end":{"line":49,"column":60}},"line":49},"7":{"name":"(anonymous_7)","decl":{"start":{"line":51,"column":19},"end":{"line":51,"column":20}},"loc":{"start":{"line":51,"column":31},"end":{"line":59,"column":9}},"line":51},"8":{"name":"(anonymous_8)","decl":{"start":{"line":61,"column":38},"end":{"line":61,"column":39}},"loc":{"start":{"line":62,"column":12},"end":{"line":64,"column":46}},"line":62},"9":{"name":"(anonymous_9)","decl":{"start":{"line":62,"column":19},"end":{"line":62,"column":20}},"loc":{"start":{"line":63,"column":16},"end":{"line":63,"column":36}},"line":63},"10":{"name":"(anonymous_10)","decl":{"start":{"line":67,"column":42},"end":{"line":67,"column":43}},"loc":{"start":{"line":68,"column":12},"end":{"line":70,"column":65}},"line":68},"11":{"name":"(anonymous_11)","decl":{"start":{"line":68,"column":19},"end":{"line":68,"column":20}},"loc":{"start":{"line":69,"column":16},"end":{"line":69,"column":43}},"line":69},"12":{"name":"(anonymous_12)","decl":{"start":{"line":73,"column":45},"end":{"line":73,"column":46}},"loc":{"start":{"line":74,"column":12},"end":{"line":76,"column":65}},"line":74},"13":{"name":"(anonymous_13)","decl":{"start":{"line":74,"column":19},"end":{"line":74,"column":20}},"loc":{"start":{"line":75,"column":16},"end":{"line":75,"column":43}},"line":75},"14":{"name":"(anonymous_14)","decl":{"start":{"line":79,"column":50},"end":{"line":79,"column":51}},"loc":{"start":{"line":79,"column":56},"end":{"line":84,"column":9}},"line":79},"15":{"name":"(anonymous_15)","decl":{"start":{"line":86,"column":45},"end":{"line":86,"column":46}},"loc":{"start":{"line":86,"column":57},"end":{"line":98,"column":9}},"line":86},"16":{"name":"(anonymous_16)","decl":{"start":{"line":102,"column":10},"end":{"line":102,"column":11}},"loc":{"start":{"line":102,"column":16},"end":{"line":102,"column":37}},"line":102}},"branchMap":{},"s":{"0":1,"1":1,"2":1,"3":1,"4":1,"5":1,"6":1,"7":1,"8":1,"9":1,"10":1,"11":1,"12":18,"13":1,"14":6,"15":6,"16":6,"17":6,"18":6,"19":6,"20":6,"21":6,"22":6,"23":6,"24":6,"25":6,"26":6,"27":1,"28":1,"29":1,"30":1,"31":1,"32":1,"33":1,"34":1,"35":1,"36":1,"37":5,"38":1,"39":5,"40":1,"41":1,"42":1,"43":1,"44":1,"45":1,"46":1,"47":1,"48":1,"49":1,"50":1,"51":1,"52":1,"53":1,"54":1,"55":1,"56":1,"57":1,"58":1,"59":1,"60":1,"61":1,"62":1,"63":1,"64":1},"f":{"0":1,"1":1,"2":18,"3":6,"4":1,"5":1,"6":5,"7":5,"8":1,"9":1,"10":1,"11":1,"12":1,"13":1,"14":1,"15":1,"16":1},"b":{},"_coverageSchema":"43e27e138ebf9cfc5966b082cf9a028302ed4184","hash":"10da4388a02cfdc46ca5477583e639b62802e4a3","contentHash":"bf762a2ef64fd68a931a9edfbc0f31be2e57bfb5c257e9f065c60909b489b73b"}}